mode: set
explorer/cmd/indexer/main.go:16.13,18.16 2 0
explorer/cmd/indexer/main.go:18.16,20.3 1 0
explorer/cmd/indexer/main.go:22.2,23.16 2 0
explorer/cmd/indexer/main.go:23.16,25.3 1 0
explorer/cmd/indexer/main.go:26.2,28.43 2 0
explorer/cmd/indexer/main.go:28.43,30.3 1 0
explorer/cmd/indexer/main.go:32.2,33.16 2 0
explorer/cmd/indexer/main.go:33.16,35.3 1 0
explorer/cmd/indexer/main.go:37.2,57.12 5 0
explorer/cmd/indexer/main.go:57.12,63.3 5 0
explorer/cmd/indexer/main.go:65.2,66.39 2 0
explorer/cmd/indexer/main.go:66.39,68.3 1 0
explorer/cmd/api/main.go:21.13,23.16 2 0
explorer/cmd/api/main.go:23.16,25.3 1 0
explorer/cmd/api/main.go:27.2,28.16 2 0
explorer/cmd/api/main.go:28.16,30.3 1 0
explorer/cmd/api/main.go:31.2,33.43 2 0
explorer/cmd/api/main.go:33.43,35.3 1 0
explorer/cmd/api/main.go:37.2,38.16 2 0
explorer/cmd/api/main.go:38.16,40.3 1 0
explorer/cmd/api/main.go:42.2,56.53 8 0
explorer/cmd/api/main.go:56.53,60.3 3 0
explorer/cmd/api/main.go:62.2,68.12 5 0
explorer/cmd/api/main.go:68.12,74.3 5 0
explorer/cmd/api/main.go:76.2,77.42 2 0
explorer/cmd/api/main.go:77.42,79.3 1 0
explorer/internal/log/handler.go:55.77,56.17 1 0
explorer/internal/log/handler.go:56.17,58.3 1 0
explorer/internal/log/handler.go:59.2,59.23 1 0
explorer/internal/log/handler.go:59.23,61.3 1 0
explorer/internal/log/handler.go:63.2,64.27 2 0
explorer/internal/log/handler.go:64.27,66.3 1 0
explorer/internal/log/handler.go:66.8,66.38 1 0
explorer/internal/log/handler.go:66.38,68.55 2 0
explorer/internal/log/handler.go:68.55,70.4 1 0
explorer/internal/log/handler.go:71.3,71.34 1 0
explorer/internal/log/handler.go:71.34,73.4 1 0
explorer/internal/log/handler.go:76.2,81.3 1 0
explorer/internal/log/handler.go:84.77,86.2 1 0
explorer/internal/log/handler.go:89.74,93.9 3 0
explorer/internal/log/handler.go:93.9,95.3 1 0
explorer/internal/log/handler.go:97.2,99.17 2 0
explorer/internal/log/handler.go:99.17,107.3 7 0
explorer/internal/log/handler.go:107.8,112.3 4 0
explorer/internal/log/handler.go:113.2,115.23 2 0
explorer/internal/log/handler.go:115.23,117.18 2 0
explorer/internal/log/handler.go:117.18,122.4 4 0
explorer/internal/log/handler.go:122.9,125.4 2 0
explorer/internal/log/handler.go:128.2,131.23 3 0
explorer/internal/log/handler.go:131.23,134.3 2 0
explorer/internal/log/handler.go:136.2,136.53 1 0
explorer/internal/log/handler.go:136.53,137.16 1 0
explorer/internal/log/handler.go:137.16,140.20 3 0
explorer/internal/log/handler.go:140.20,142.20 2 0
explorer/internal/log/handler.go:142.20,144.6 1 0
explorer/internal/log/handler.go:144.11,146.6 1 0
explorer/internal/log/handler.go:151.2,156.12 5 0
explorer/internal/log/handler.go:159.79,160.29 1 0
explorer/internal/log/handler.go:160.29,161.12 1 0
explorer/internal/log/handler.go:161.12,163.4 1 0
explorer/internal/log/handler.go:164.3,164.18 1 0
explorer/internal/log/handler.go:164.18,170.4 5 0
explorer/internal/log/handler.go:170.9,174.4 3 0
explorer/internal/log/handler.go:178.39,179.18 1 0
explorer/internal/log/handler.go:180.23,182.38 2 0
explorer/internal/log/handler.go:182.38,184.4 1 0
explorer/internal/log/handler.go:185.3,185.11 1 0
explorer/internal/log/handler.go:186.21,187.39 1 0
explorer/internal/log/handler.go:188.25,189.31 1 0
explorer/internal/log/handler.go:190.22,192.22 2 0
explorer/internal/log/handler.go:192.22,194.4 1 0
explorer/internal/log/handler.go:195.3,196.27 2 0
explorer/internal/log/handler.go:196.27,198.4 1 0
explorer/internal/log/handler.go:199.3,199.46 1 0
explorer/internal/log/handler.go:200.10,201.20 1 0
explorer/internal/log/handler.go:205.46,207.33 2 0
explorer/internal/log/handler.go:207.33,210.3 2 0
explorer/internal/log/handler.go:211.2,211.14 1 0
explorer/internal/log/handler.go:214.69,223.2 1 0
explorer/internal/log/handler.go:225.63,226.16 1 0
explorer/internal/log/handler.go:226.16,228.3 1 0
explorer/internal/log/handler.go:229.2,236.3 1 0
explorer/internal/log/log.go:27.13,29.2 1 0
explorer/internal/log/log.go:31.45,34.2 2 0
explorer/internal/log/log.go:36.33,39.2 2 0
explorer/internal/log/log.go:41.29,43.2 1 0
explorer/internal/log/log.go:45.33,51.2 2 0
explorer/internal/log/log.go:53.37,55.2 1 0
explorer/internal/log/log.go:57.42,59.2 1 0
explorer/internal/log/log.go:61.37,63.2 1 0
explorer/internal/log/log.go:65.41,67.2 1 0
explorer/internal/log/log.go:69.36,71.2 1 0
explorer/internal/log/log.go:73.40,75.2 1 0
explorer/internal/log/log.go:77.36,79.2 1 0
explorer/internal/log/log.go:81.40,83.2 1 0
explorer/internal/log/log.go:85.37,87.2 1 0
explorer/internal/log/log.go:89.41,91.2 1 0
explorer/internal/log/log.go:93.37,96.2 2 0
explorer/internal/log/log.go:98.41,101.2 2 0
explorer/internal/log/log.go:103.25,105.2 1 0
explorer/internal/log/log.go:107.27,109.2 1 0
explorer/internal/log/log.go:111.41,113.2 1 0
explorer/internal/log/log.go:115.74,117.28 2 0
explorer/internal/log/log.go:117.28,119.3 1 0
explorer/internal/log/log.go:122.2,128.32 5 0
explorer/internal/log/log.go:135.38,137.2 1 0
explorer/internal/log/log.go:139.53,141.2 1 0
explorer/internal/log/log.go:143.52,145.2 1 0
explorer/internal/log/log.go:147.52,149.2 1 0
explorer/internal/log/log.go:151.53,153.2 1 0
explorer/cmd/api/main.go:21.13,23.16 2 0
explorer/cmd/api/main.go:23.16,25.3 1 0
explorer/cmd/api/main.go:27.2,28.16 2 0
explorer/cmd/api/main.go:28.16,30.3 1 0
explorer/cmd/api/main.go:31.2,33.43 2 0
explorer/cmd/api/main.go:33.43,35.3 1 0
explorer/cmd/api/main.go:37.2,38.16 2 0
explorer/cmd/api/main.go:38.16,40.3 1 0
explorer/cmd/api/main.go:42.2,56.53 8 0
explorer/cmd/api/main.go:56.53,60.3 3 0
explorer/cmd/api/main.go:62.2,68.12 5 0
explorer/cmd/api/main.go:68.12,74.3 5 0
explorer/cmd/api/main.go:76.2,77.42 2 0
explorer/cmd/api/main.go:77.42,79.3 1 0
explorer/cmd/indexer/main.go:16.13,18.16 2 0
explorer/cmd/indexer/main.go:18.16,20.3 1 0
explorer/cmd/indexer/main.go:22.2,23.16 2 0
explorer/cmd/indexer/main.go:23.16,25.3 1 0
explorer/cmd/indexer/main.go:26.2,28.43 2 0
explorer/cmd/indexer/main.go:28.43,30.3 1 0
explorer/cmd/indexer/main.go:32.2,33.16 2 0
explorer/cmd/indexer/main.go:33.16,35.3 1 0
explorer/cmd/indexer/main.go:37.2,57.12 5 0
explorer/cmd/indexer/main.go:57.12,63.3 5 0
explorer/cmd/indexer/main.go:65.2,66.39 2 0
explorer/cmd/indexer/main.go:66.39,68.3 1 0
explorer/internal/api/auth_handlers.go:19.74,20.52 1 0
explorer/internal/api/auth_handlers.go:20.52,23.3 2 0
explorer/internal/api/auth_handlers.go:25.2,26.21 2 0
explorer/internal/api/auth_handlers.go:26.21,28.3 1 0
explorer/internal/api/auth_handlers.go:31.2,31.78 1 0
explorer/internal/api/auth_handlers.go:31.78,33.3 1 0
explorer/internal/api/auth_handlers.go:35.2,36.16 2 0
explorer/internal/api/auth_handlers.go:36.16,40.3 3 0
explorer/internal/api/auth_handlers.go:42.2,43.48 2 0
explorer/internal/api/auth_handlers.go:46.77,47.52 1 0
explorer/internal/api/auth_handlers.go:47.52,50.3 2 0
explorer/internal/api/auth_handlers.go:52.2,55.16 3 0
explorer/internal/api/auth_handlers.go:55.16,58.3 2 0
explorer/internal/api/auth_handlers.go:60.2,60.17 1 0
explorer/internal/api/auth_handlers.go:60.17,63.3 2 0
explorer/internal/api/auth_handlers.go:65.2,66.12 2 0
explorer/internal/api/auth_handlers.go:66.12,69.3 2 0
explorer/internal/api/auth_handlers.go:72.2,72.78 1 0
explorer/internal/api/auth_handlers.go:72.78,74.3 1 0
explorer/internal/api/auth_handlers.go:76.2,77.16 2 0
explorer/internal/api/auth_handlers.go:77.16,81.3 3 0
explorer/internal/api/auth_handlers.go:83.2,93.50 2 0
explorer/internal/api/auth_handlers.go:96.75,102.38 3 0
explorer/internal/api/auth_handlers.go:102.38,105.3 2 0
explorer/internal/api/auth_handlers.go:107.2,108.16 2 0
explorer/internal/api/auth_handlers.go:108.16,117.3 3 0
explorer/internal/api/auth_handlers.go:119.2,119.24 1 0
explorer/internal/api/auth_handlers.go:119.24,128.3 3 0
explorer/internal/api/auth_handlers.go:130.2,134.22 4 0
explorer/internal/api/auth_handlers.go:137.75,146.2 2 0
explorer/internal/api/auth_handlers.go:148.53,150.38 2 0
explorer/internal/api/auth_handlers.go:150.38,152.3 1 0
explorer/internal/api/auth_handlers.go:154.2,155.38 2 0
explorer/internal/api/auth_handlers.go:155.38,157.3 1 0
explorer/internal/api/auth_handlers.go:159.2,159.24 1 0
explorer/internal/api/auth_handlers.go:162.55,164.16 2 0
explorer/internal/api/auth_handlers.go:164.16,166.3 1 0
explorer/internal/api/auth_handlers.go:167.2,167.21 1 0
explorer/internal/api/auth_handlers.go:170.68,174.2 3 0
explorer/internal/api/auth_handlers.go:176.72,177.71 1 0
explorer/internal/api/auth_handlers.go:177.71,179.39 2 0
explorer/internal/api/auth_handlers.go:179.39,181.41 2 0
explorer/internal/api/auth_handlers.go:181.41,183.46 1 0
explorer/internal/api/auth_handlers.go:183.46,193.6 1 0
explorer/internal/api/auth_handlers.go:196.3,196.23 1 0
explorer/internal/api/handlers.go:22.73,24.16 2 0
explorer/internal/api/handlers.go:24.16,27.3 2 0
explorer/internal/api/handlers.go:28.2,29.21 2 0
explorer/internal/api/handlers.go:32.73,33.20 1 0
explorer/internal/api/handlers.go:33.20,36.3 2 0
explorer/internal/api/handlers.go:38.2,39.16 2 0
explorer/internal/api/handlers.go:39.16,42.3 2 0
explorer/internal/api/handlers.go:44.2,44.25 1 0
explorer/internal/api/handlers.go:47.77,48.25 1 0
explorer/internal/api/handlers.go:48.25,51.3 2 0
explorer/internal/api/handlers.go:53.2,54.16 2 0
explorer/internal/api/handlers.go:54.16,57.3 2 0
explorer/internal/api/handlers.go:59.2,59.22 1 0
explorer/internal/api/handlers.go:62.74,67.16 4 0
explorer/internal/api/handlers.go:67.16,70.3 2 0
explorer/internal/api/handlers.go:72.2,72.39 1 0
explorer/internal/api/handlers.go:75.79,77.16 2 0
explorer/internal/api/handlers.go:77.16,80.3 2 0
explorer/internal/api/handlers.go:81.2,81.22 1 0
explorer/internal/api/handlers.go:81.22,84.3 2 0
explorer/internal/api/handlers.go:85.2,85.25 1 0
explorer/internal/api/handlers.go:88.73,91.16 3 0
explorer/internal/api/handlers.go:91.16,94.3 2 0
explorer/internal/api/handlers.go:96.2,99.16 3 0
explorer/internal/api/handlers.go:99.16,102.3 2 0
explorer/internal/api/handlers.go:104.2,104.18 1 0
explorer/internal/api/handlers.go:104.18,105.59 1 0
explorer/internal/api/handlers.go:105.59,108.4 2 0
explorer/internal/api/handlers.go:109.3,110.33 2 0
explorer/internal/api/handlers.go:110.33,113.4 2 0
explorer/internal/api/handlers.go:116.2,117.16 2 0
explorer/internal/api/handlers.go:117.16,120.3 2 0
explorer/internal/api/handlers.go:122.2,125.4 1 0
explorer/internal/api/handlers.go:128.84,131.16 3 0
explorer/internal/api/handlers.go:131.16,134.3 2 0
explorer/internal/api/handlers.go:136.2,137.16 2 0
explorer/internal/api/handlers.go:137.16,140.3 2 0
explorer/internal/api/handlers.go:142.2,142.24 1 0
explorer/internal/api/handlers.go:142.24,144.3 1 0
explorer/internal/api/handlers.go:146.2,146.27 1 0
explorer/internal/api/handlers.go:149.80,151.19 2 0
explorer/internal/api/handlers.go:151.19,154.3 2 0
explorer/internal/api/handlers.go:156.2,160.16 4 0
explorer/internal/api/handlers.go:160.16,163.3 2 0
explorer/internal/api/handlers.go:165.2,165.36 1 0
explorer/internal/api/handlers.go:168.89,173.19 4 0
explorer/internal/api/handlers.go:173.19,174.59 1 0
explorer/internal/api/handlers.go:174.59,176.4 1 0
explorer/internal/api/handlers.go:179.2,180.23 2 0
explorer/internal/api/handlers.go:180.23,181.78 1 0
explorer/internal/api/handlers.go:181.78,183.4 1 0
explorer/internal/api/handlers.go:186.2,187.16 2 0
explorer/internal/api/handlers.go:187.16,190.3 2 0
explorer/internal/api/handlers.go:192.2,192.16 1 0
explorer/internal/api/handlers.go:192.16,194.3 1 0
explorer/internal/api/handlers.go:196.2,197.29 2 0
explorer/internal/api/handlers.go:197.29,199.3 1 0
explorer/internal/api/handlers.go:201.2,207.4 1 0
explorer/internal/api/handlers.go:210.79,212.36 2 0
explorer/internal/api/handlers.go:212.36,214.3 1 0
explorer/internal/api/handlers.go:216.2,219.16 3 0
explorer/internal/api/handlers.go:219.16,222.3 2 0
explorer/internal/api/handlers.go:224.2,224.15 1 0
explorer/internal/api/handlers.go:224.15,226.17 2 0
explorer/internal/api/handlers.go:226.17,229.4 2 0
explorer/internal/api/handlers.go:231.3,232.47 2 0
explorer/internal/api/handlers.go:232.47,235.4 2 0
explorer/internal/api/handlers.go:237.3,237.81 1 0
explorer/internal/api/handlers.go:237.81,240.4 2 0
explorer/internal/api/handlers.go:242.3,243.30 2 0
explorer/internal/api/handlers.go:243.30,246.4 2 0
explorer/internal/api/handlers.go:249.2,249.38 1 0
explorer/internal/api/handlers.go:249.38,251.35 2 0
explorer/internal/api/handlers.go:251.35,257.4 2 0
explorer/internal/api/handlers.go:260.2,260.18 1 0
explorer/internal/api/handlers.go:263.75,265.35 2 0
explorer/internal/api/handlers.go:265.35,268.3 2 0
explorer/internal/api/handlers.go:269.2,274.16 4 0
explorer/internal/api/handlers.go:274.16,277.3 2 0
explorer/internal/api/handlers.go:279.2,280.16 2 0
explorer/internal/api/handlers.go:280.16,283.3 2 0
explorer/internal/api/handlers.go:285.2,286.16 2 0
explorer/internal/api/handlers.go:286.16,289.3 2 0
explorer/internal/api/handlers.go:291.2,298.20 2 0
explorer/internal/api/handlers.go:301.87,303.35 2 0
explorer/internal/api/handlers.go:303.35,306.3 2 0
explorer/internal/api/handlers.go:307.2,313.16 5 0
explorer/internal/api/handlers.go:313.16,316.3 2 0
explorer/internal/api/handlers.go:318.2,318.36 1 0
explorer/internal/api/handlers.go:321.76,323.35 2 0
explorer/internal/api/handlers.go:323.35,326.3 2 0
explorer/internal/api/handlers.go:327.2,330.16 3 0
explorer/internal/api/handlers.go:330.16,333.3 2 0
explorer/internal/api/handlers.go:334.2,334.21 1 0
explorer/internal/api/handlers.go:334.21,337.3 2 0
explorer/internal/api/handlers.go:339.2,339.24 1 0
explorer/internal/api/handlers.go:342.82,344.35 2 0
explorer/internal/api/handlers.go:344.35,347.3 2 0
explorer/internal/api/handlers.go:348.2,353.61 3 0
explorer/internal/api/handlers.go:353.61,356.3 2 0
explorer/internal/api/handlers.go:358.2,358.23 1 0
explorer/internal/api/handlers.go:358.23,361.3 2 0
explorer/internal/api/handlers.go:363.2,364.59 2 0
explorer/internal/api/handlers.go:364.59,367.3 2 0
explorer/internal/api/handlers.go:369.2,369.75 1 0
explorer/internal/api/handlers.go:369.75,372.3 2 0
explorer/internal/api/handlers.go:374.2,374.67 1 0
explorer/internal/api/handlers.go:377.84,379.35 2 0
explorer/internal/api/handlers.go:379.35,382.3 2 0
explorer/internal/api/handlers.go:383.2,389.16 5 0
explorer/internal/api/handlers.go:389.16,392.3 2 0
explorer/internal/api/handlers.go:394.2,394.42 1 0
explorer/internal/api/handlers.go:397.88,399.36 2 0
explorer/internal/api/handlers.go:399.36,401.3 1 0
explorer/internal/api/handlers.go:403.2,404.16 2 0
explorer/internal/api/handlers.go:404.16,407.3 2 0
explorer/internal/api/handlers.go:409.2,409.25 1 0
explorer/internal/api/handlers.go:412.83,414.36 2 0
explorer/internal/api/handlers.go:414.36,416.3 1 0
explorer/internal/api/handlers.go:418.2,419.16 2 0
explorer/internal/api/handlers.go:419.16,422.3 2 0
explorer/internal/api/handlers.go:424.2,424.17 1 0
explorer/internal/api/handlers.go:424.17,426.3 1 0
explorer/internal/api/handlers.go:428.2,428.20 1 0
explorer/internal/api/handlers.go:431.76,436.19 4 0
explorer/internal/api/handlers.go:436.19,437.59 1 0
explorer/internal/api/handlers.go:437.59,439.4 1 0
explorer/internal/api/handlers.go:442.2,443.23 2 0
explorer/internal/api/handlers.go:443.23,444.78 1 0
explorer/internal/api/handlers.go:444.78,446.4 1 0
explorer/internal/api/handlers.go:449.2,452.16 3 0
explorer/internal/api/handlers.go:452.16,455.3 2 0
explorer/internal/api/handlers.go:457.2,458.31 2 0
explorer/internal/api/handlers.go:458.31,460.17 2 0
explorer/internal/api/handlers.go:460.17,462.4 1 0
explorer/internal/api/handlers.go:463.3,469.5 2 0
explorer/internal/api/handlers.go:472.2,473.29 2 0
explorer/internal/api/handlers.go:473.29,475.3 1 0
explorer/internal/api/handlers.go:477.2,483.4 1 0
explorer/internal/api/handlers.go:486.86,491.23 4 0
explorer/internal/api/handlers.go:491.23,492.63 1 0
explorer/internal/api/handlers.go:492.63,494.4 1 0
explorer/internal/api/handlers.go:497.2,498.20 2 0
explorer/internal/api/handlers.go:498.20,499.72 1 0
explorer/internal/api/handlers.go:499.72,501.4 1 0
explorer/internal/api/handlers.go:504.2,505.16 2 0
explorer/internal/api/handlers.go:505.16,508.3 2 0
explorer/internal/api/handlers.go:510.2,510.20 1 0
explorer/internal/api/handlers.go:510.20,512.3 1 0
explorer/internal/api/handlers.go:514.2,514.23 1 0
explorer/internal/api/handlers.go:517.82,519.27 2 0
explorer/internal/api/handlers.go:519.27,522.3 2 0
explorer/internal/api/handlers.go:524.2,525.16 2 0
explorer/internal/api/handlers.go:525.16,528.3 2 0
explorer/internal/api/handlers.go:530.2,530.24 1 0
explorer/internal/api/handlers.go:530.24,532.3 1 0
explorer/internal/api/handlers.go:534.2,537.4 1 0
explorer/internal/api/handlers.go:540.71,542.13 2 0
explorer/internal/api/handlers.go:542.13,545.3 2 0
explorer/internal/api/handlers.go:547.2,549.58 2 0
explorer/internal/api/handlers.go:549.58,551.33 2 0
explorer/internal/api/handlers.go:551.33,554.4 2 0
explorer/internal/api/handlers.go:555.3,555.56 1 0
explorer/internal/api/handlers.go:555.56,557.20 2 0
explorer/internal/api/handlers.go:557.20,560.5 2 0
explorer/internal/api/handlers.go:564.2,564.48 1 0
explorer/internal/api/handlers.go:564.48,566.30 2 0
explorer/internal/api/handlers.go:566.30,569.4 2 0
explorer/internal/api/handlers.go:570.3,571.47 2 0
explorer/internal/api/handlers.go:571.47,572.82 1 0
explorer/internal/api/handlers.go:572.82,574.18 2 0
explorer/internal/api/handlers.go:574.18,577.6 2 0
explorer/internal/api/handlers.go:582.2,582.28 1 0
explorer/internal/api/handlers.go:582.28,587.33 3 0
explorer/internal/api/handlers.go:587.33,590.4 2 0
explorer/internal/api/handlers.go:592.3,594.9 3 0
explorer/internal/api/handlers.go:597.2,597.49 1 0
explorer/internal/api/handlers.go:600.49,603.2 2 0
explorer/internal/api/handlers.go:605.38,606.46 1 0
explorer/internal/api/handlers.go:606.46,607.77 1 0
explorer/internal/api/handlers.go:607.77,609.4 1 0
explorer/internal/api/handlers.go:611.2,611.21 1 0
explorer/internal/api/handlers.go:614.48,615.47 1 0
explorer/internal/api/handlers.go:615.47,616.62 1 0
explorer/internal/api/handlers.go:616.62,618.4 1 0
explorer/internal/api/handlers.go:620.2,620.12 1 0
explorer/internal/api/handlers.go:623.71,625.13 2 0
explorer/internal/api/handlers.go:625.13,627.3 1 0
explorer/internal/api/handlers.go:629.2,630.31 2 0
explorer/internal/api/handlers.go:630.31,635.3 2 0
explorer/internal/api/handlers.go:637.2,641.3 1 0
explorer/internal/api/handlers.go:644.76,648.16 3 0
explorer/internal/api/handlers.go:648.16,652.3 3 0
explorer/internal/api/handlers.go:654.2,655.16 2 0
explorer/internal/api/handlers.go:655.16,659.3 3 0
explorer/internal/api/handlers.go:661.2,661.82 1 0
explorer/internal/api/handlers.go:664.78,666.2 1 0
explorer/internal/api/handlers.go:668.79,672.16 3 0
explorer/internal/api/handlers.go:672.16,676.3 3 0
explorer/internal/api/handlers.go:678.2,678.22 1 0
explorer/internal/api/handlers.go:678.22,682.3 3 0
explorer/internal/api/handlers.go:684.2,684.78 1 0
explorer/internal/api/handlers.go:687.74,693.19 5 0
explorer/internal/api/handlers.go:693.19,694.59 1 0
explorer/internal/api/handlers.go:694.59,696.4 1 0
explorer/internal/api/handlers.go:699.2,700.23 2 0
explorer/internal/api/handlers.go:700.23,701.78 1 0
explorer/internal/api/handlers.go:701.78,703.4 1 0
explorer/internal/api/handlers.go:706.2,708.16 3 0
explorer/internal/api/handlers.go:708.16,711.3 2 0
explorer/internal/api/handlers.go:713.2,713.19 1 0
explorer/internal/api/handlers.go:713.19,715.3 1 0
explorer/internal/api/handlers.go:717.2,718.29 2 0
explorer/internal/api/handlers.go:718.29,720.3 1 0
explorer/internal/api/handlers.go:722.2,728.4 1 0
explorer/internal/api/handlers.go:731.73,733.35 2 0
explorer/internal/api/handlers.go:733.35,736.3 2 0
explorer/internal/api/handlers.go:737.2,740.16 3 0
explorer/internal/api/handlers.go:740.16,743.3 2 0
explorer/internal/api/handlers.go:744.2,744.18 1 0
explorer/internal/api/handlers.go:744.18,747.3 2 0
explorer/internal/api/handlers.go:749.2,749.21 1 0
explorer/internal/api/handlers.go:752.80,754.35 2 0
explorer/internal/api/handlers.go:754.35,757.3 2 0
explorer/internal/api/handlers.go:758.2,764.19 5 0
explorer/internal/api/handlers.go:764.19,765.59 1 0
explorer/internal/api/handlers.go:765.59,767.4 1 0
explorer/internal/api/handlers.go:770.2,771.23 2 0
explorer/internal/api/handlers.go:771.23,772.78 1 0
explorer/internal/api/handlers.go:772.78,774.4 1 0
explorer/internal/api/handlers.go:777.2,779.16 3 0
explorer/internal/api/handlers.go:779.16,782.3 2 0
explorer/internal/api/handlers.go:784.2,784.20 1 0
explorer/internal/api/handlers.go:784.20,786.3 1 0
explorer/internal/api/handlers.go:788.2,789.29 2 0
explorer/internal/api/handlers.go:789.29,791.3 1 0
explorer/internal/api/handlers.go:793.2,799.4 1 0
explorer/internal/api/handlers.go:802.82,804.35 2 0
explorer/internal/api/handlers.go:804.35,807.3 2 0
explorer/internal/api/handlers.go:808.2,814.19 5 0
explorer/internal/api/handlers.go:814.19,815.59 1 0
explorer/internal/api/handlers.go:815.59,817.4 1 0
explorer/internal/api/handlers.go:820.2,821.23 2 0
explorer/internal/api/handlers.go:821.23,822.78 1 0
explorer/internal/api/handlers.go:822.78,824.4 1 0
explorer/internal/api/handlers.go:827.2,829.16 3 0
explorer/internal/api/handlers.go:829.16,832.3 2 0
explorer/internal/api/handlers.go:834.2,834.22 1 0
explorer/internal/api/handlers.go:834.22,836.3 1 0
explorer/internal/api/handlers.go:838.2,839.29 2 0
explorer/internal/api/handlers.go:839.29,841.3 1 0
explorer/internal/api/handlers.go:843.2,849.4 1 0
explorer/internal/api/handlers.go:852.80,857.19 4 0
explorer/internal/api/handlers.go:857.19,858.59 1 0
explorer/internal/api/handlers.go:858.59,860.4 1 0
explorer/internal/api/handlers.go:863.2,864.23 2 0
explorer/internal/api/handlers.go:864.23,865.78 1 0
explorer/internal/api/handlers.go:865.78,867.4 1 0
explorer/internal/api/handlers.go:870.2,872.16 3 0
explorer/internal/api/handlers.go:872.16,875.3 2 0
explorer/internal/api/handlers.go:877.2,877.22 1 0
explorer/internal/api/handlers.go:877.22,879.3 1 0
explorer/internal/api/handlers.go:881.2,882.29 2 0
explorer/internal/api/handlers.go:882.29,884.3 1 0
explorer/internal/api/handlers.go:886.2,892.4 1 0
explorer/internal/api/handlers.go:895.90,897.36 2 0
explorer/internal/api/handlers.go:897.36,899.3 1 0
explorer/internal/api/handlers.go:901.2,902.16 2 0
explorer/internal/api/handlers.go:902.16,905.3 2 0
explorer/internal/api/handlers.go:907.2,907.24 1 0
explorer/internal/api/handlers.go:907.24,909.3 1 0
explorer/internal/api/handlers.go:911.2,911.27 1 0
explorer/internal/api/handlers.go:914.86,916.35 2 0
explorer/internal/api/handlers.go:916.35,919.3 2 0
explorer/internal/api/handlers.go:920.2,926.19 5 0
explorer/internal/api/handlers.go:926.19,927.59 1 0
explorer/internal/api/handlers.go:927.59,929.4 1 0
explorer/internal/api/handlers.go:932.2,933.23 2 0
explorer/internal/api/handlers.go:933.23,934.78 1 0
explorer/internal/api/handlers.go:934.78,936.4 1 0
explorer/internal/api/handlers.go:939.2,941.16 3 0
explorer/internal/api/handlers.go:941.16,944.3 2 0
explorer/internal/api/handlers.go:946.2,946.24 1 0
explorer/internal/api/handlers.go:946.24,948.3 1 0
explorer/internal/api/handlers.go:950.2,951.29 2 0
explorer/internal/api/handlers.go:951.29,953.3 1 0
explorer/internal/api/handlers.go:955.2,961.4 1 0
explorer/internal/api/handlers.go:964.72,974.57 8 0
explorer/internal/api/handlers.go:974.57,977.3 2 0
explorer/internal/api/handlers.go:978.2,978.21 1 0
explorer/internal/api/handlers.go:978.21,980.3 1 0
explorer/internal/api/handlers.go:981.2,981.24 1 0
explorer/internal/api/handlers.go:981.24,982.69 1 0
explorer/internal/api/handlers.go:982.69,984.4 1 0
explorer/internal/api/handlers.go:986.2,986.22 1 0
explorer/internal/api/handlers.go:986.22,987.67 1 0
explorer/internal/api/handlers.go:987.67,989.4 1 0
explorer/internal/api/handlers.go:992.2,993.20 2 0
explorer/internal/api/handlers.go:993.20,994.73 1 0
explorer/internal/api/handlers.go:994.73,996.4 1 0
explorer/internal/api/handlers.go:999.2,1000.16 2 0
explorer/internal/api/handlers.go:1000.16,1003.3 2 0
explorer/internal/api/handlers.go:1005.2,1005.17 1 0
explorer/internal/api/handlers.go:1005.17,1007.3 1 0
explorer/internal/api/handlers.go:1009.2,1009.20 1 0
explorer/internal/api/handlers.go:1012.78,1014.16 2 0
explorer/internal/api/handlers.go:1014.16,1017.3 2 0
explorer/internal/api/handlers.go:1019.2,1020.16 2 0
explorer/internal/api/handlers.go:1020.16,1023.3 2 0
explorer/internal/api/handlers.go:1025.2,1030.4 1 0
explorer/internal/api/handlers.go:1033.79,1035.35 2 0
explorer/internal/api/handlers.go:1035.35,1038.3 2 0
explorer/internal/api/handlers.go:1039.2,1045.19 5 0
explorer/internal/api/handlers.go:1045.19,1046.59 1 0
explorer/internal/api/handlers.go:1046.59,1048.4 1 0
explorer/internal/api/handlers.go:1051.2,1052.23 2 0
explorer/internal/api/handlers.go:1052.23,1053.78 1 0
explorer/internal/api/handlers.go:1053.78,1055.4 1 0
explorer/internal/api/handlers.go:1058.2,1060.16 3 0
explorer/internal/api/handlers.go:1060.16,1063.3 2 0
explorer/internal/api/handlers.go:1065.2,1065.17 1 0
explorer/internal/api/handlers.go:1065.17,1067.3 1 0
explorer/internal/api/handlers.go:1069.2,1070.29 2 0
explorer/internal/api/handlers.go:1070.29,1072.3 1 0
explorer/internal/api/handlers.go:1074.2,1080.4 1 0
explorer/internal/api/handlers.go:1083.88,1085.35 2 0
explorer/internal/api/handlers.go:1085.35,1088.3 2 0
explorer/internal/api/handlers.go:1089.2,1092.16 3 0
explorer/internal/api/handlers.go:1092.16,1095.3 2 0
explorer/internal/api/handlers.go:1097.2,1097.21 1 0
explorer/internal/api/handlers.go:1097.21,1099.3 1 0
explorer/internal/api/handlers.go:1101.2,1101.24 1 0
explorer/internal/api/handlers.go:1104.78,1106.35 2 0
explorer/internal/api/handlers.go:1106.35,1109.3 2 0
explorer/internal/api/handlers.go:1110.2,1113.22 3 0
explorer/internal/api/handlers.go:1113.22,1116.35 2 0
explorer/internal/api/handlers.go:1116.35,1118.4 1 0
explorer/internal/api/handlers.go:1118.9,1120.4 1 0
explorer/internal/api/handlers.go:1123.2,1125.16 3 0
explorer/internal/api/handlers.go:1125.16,1128.3 2 0
explorer/internal/api/handlers.go:1129.2,1131.28 2 0
explorer/internal/api/handlers.go:1131.28,1134.3 2 0
explorer/internal/api/handlers.go:1136.2,1136.28 1 0
explorer/internal/api/handlers.go:1136.28,1140.3 3 0
explorer/internal/api/handlers.go:1142.2,1147.74 2 0
explorer/internal/api/handlers.go:1147.74,1150.3 2 0
explorer/internal/api/handlers.go:1152.2,1157.37 5 0
explorer/internal/api/handlers.go:1157.37,1158.35 1 0
explorer/internal/api/handlers.go:1158.35,1170.74 2 0
explorer/internal/api/handlers.go:1170.74,1173.62 3 0
explorer/internal/api/handlers.go:1173.62,1175.11 2 0
explorer/internal/api/handlers.go:1179.3,1179.63 1 0
explorer/internal/api/handlers.go:1179.63,1181.4 1 0
explorer/internal/api/handlers.go:1184.2,1184.19 1 0
explorer/internal/api/handlers.go:1184.19,1187.3 2 0
explorer/internal/api/handlers.go:1189.2,1189.136 1 0
explorer/internal/api/handlers.go:1189.136,1192.3 2 0
explorer/internal/api/handlers.go:1194.2,1200.4 1 0
explorer/internal/api/handlers.go:1203.40,1212.2 2 0
explorer/internal/api/handlers.go:1214.79,1225.61 2 0
explorer/internal/api/handlers.go:1225.61,1228.3 2 0
explorer/internal/api/handlers.go:1230.2,1230.39 1 0
explorer/internal/api/handlers.go:1230.39,1233.3 2 0
explorer/internal/api/handlers.go:1235.2,1235.52 1 0
explorer/internal/api/handlers.go:1235.52,1238.3 2 0
explorer/internal/api/handlers.go:1240.2,1240.23 1 0
explorer/internal/api/handlers.go:1240.23,1242.3 1 0
explorer/internal/api/handlers.go:1245.2,1245.31 1 0
explorer/internal/api/handlers.go:1245.31,1247.23 2 0
explorer/internal/api/handlers.go:1247.23,1249.4 1 0
explorer/internal/api/handlers.go:1249.9,1251.4 1 0
explorer/internal/api/handlers.go:1253.3,1253.168 1 0
explorer/internal/api/handlers.go:1253.168,1256.4 2 0
explorer/internal/api/handlers.go:1258.3,1264.9 2 0
explorer/internal/api/handlers.go:1267.2,1277.16 4 0
explorer/internal/api/handlers.go:1277.16,1280.3 2 0
explorer/internal/api/handlers.go:1281.2,1285.28 3 0
explorer/internal/api/handlers.go:1285.28,1288.3 2 0
explorer/internal/api/handlers.go:1290.2,1296.58 2 0
explorer/internal/api/handlers.go:1296.58,1299.3 2 0
explorer/internal/api/handlers.go:1301.2,1301.29 1 0
explorer/internal/api/handlers.go:1301.29,1304.3 2 0
explorer/internal/api/handlers.go:1306.2,1307.48 2 0
explorer/internal/api/handlers.go:1307.48,1310.3 2 0
explorer/internal/api/handlers.go:1312.2,1314.47 3 0
explorer/internal/api/handlers.go:1314.47,1320.68 3 0
explorer/internal/api/handlers.go:1320.68,1323.39 3 0
explorer/internal/api/handlers.go:1323.39,1324.37 1 0
explorer/internal/api/handlers.go:1324.37,1333.64 2 0
explorer/internal/api/handlers.go:1333.64,1336.7 2 0
explorer/internal/api/handlers.go:1339.4,1339.20 1 0
explorer/internal/api/handlers.go:1339.20,1341.5 1 0
explorer/internal/api/handlers.go:1345.2,1349.4 1 0
explorer/internal/api/handlers.go:1352.79,1353.23 1 0
explorer/internal/api/handlers.go:1353.23,1356.3 2 0
explorer/internal/api/handlers.go:1358.2,1359.16 2 0
explorer/internal/api/handlers.go:1359.16,1362.3 2 0
explorer/internal/api/handlers.go:1364.2,1365.16 2 0
explorer/internal/api/handlers.go:1365.16,1368.3 2 0
explorer/internal/api/handlers.go:1370.2,1370.22 1 0
explorer/internal/api/handlers.go:1373.83,1374.23 1 0
explorer/internal/api/handlers.go:1374.23,1377.3 2 0
explorer/internal/api/handlers.go:1379.2,1380.16 2 0
explorer/internal/api/handlers.go:1380.16,1383.3 2 0
explorer/internal/api/handlers.go:1385.2,1386.16 2 0
explorer/internal/api/handlers.go:1386.16,1389.3 2 0
explorer/internal/api/handlers.go:1391.2,1391.22 1 0
explorer/internal/api/handlers.go:1394.78,1395.23 1 0
explorer/internal/api/handlers.go:1395.23,1401.3 2 0
explorer/internal/api/handlers.go:1403.2,1406.4 2 0
explorer/internal/api/handlers.go:1409.78,1411.35 2 0
explorer/internal/api/handlers.go:1411.35,1414.3 2 0
explorer/internal/api/handlers.go:1415.2,1418.22 3 0
explorer/internal/api/handlers.go:1418.22,1421.35 2 0
explorer/internal/api/handlers.go:1421.35,1423.4 1 0
explorer/internal/api/handlers.go:1423.9,1425.4 1 0
explorer/internal/api/handlers.go:1428.2,1428.30 1 0
explorer/internal/api/handlers.go:1428.30,1430.17 2 0
explorer/internal/api/handlers.go:1430.17,1433.4 2 0
explorer/internal/api/handlers.go:1435.3,1437.17 3 0
explorer/internal/api/handlers.go:1437.17,1439.4 1 0
explorer/internal/api/handlers.go:1441.3,1447.9 2 0
explorer/internal/api/handlers.go:1450.2,1452.16 3 0
explorer/internal/api/handlers.go:1452.16,1455.3 2 0
explorer/internal/api/handlers.go:1456.2,1465.67 3 0
explorer/internal/api/handlers.go:1465.67,1468.3 2 0
explorer/internal/api/handlers.go:1470.2,1472.52 3 0
explorer/internal/api/handlers.go:1472.52,1475.3 2 0
explorer/internal/api/handlers.go:1477.2,1482.4 1 0
explorer/internal/api/metrics.go:27.28,77.2 1 0
explorer/internal/api/metrics.go:79.98,82.2 2 0
explorer/internal/api/metrics.go:84.47,86.2 1 0
explorer/internal/api/metrics.go:88.60,91.2 2 0
explorer/internal/api/metrics.go:93.41,95.2 1 0
explorer/internal/api/metrics.go:97.75,99.2 1 0
explorer/internal/api/metrics.go:101.42,103.2 1 0
explorer/internal/api/metrics.go:105.74,106.46 1 0
explorer/internal/api/metrics.go:106.46,107.72 1 0
explorer/internal/api/metrics.go:107.72,116.21 6 0
explorer/internal/api/metrics.go:116.21,118.5 1 0
explorer/internal/api/metrics.go:120.4,120.82 1 0
explorer/internal/api/metrics.go:130.49,133.2 2 0
explorer/internal/api/metrics.go:135.53,136.71 1 0
explorer/internal/api/metrics.go:136.71,137.33 1 0
explorer/internal/api/metrics.go:137.33,140.4 2 0
explorer/internal/api/metrics.go:142.3,149.18 3 0
explorer/internal/api/metrics.go:149.18,151.4 1 0
explorer/internal/api/metrics.go:153.3,153.24 1 0
explorer/internal/api/metrics.go:153.24,157.45 3 0
explorer/internal/api/metrics.go:157.45,160.5 2 0
explorer/internal/api/metrics.go:163.3,163.26 1 0
explorer/internal/api/metrics.go:163.26,165.4 1 0
explorer/internal/api/metrics.go:166.3,166.20 1 0
explorer/internal/api/metrics.go:177.53,179.2 1 0
explorer/internal/api/metrics.go:181.60,184.2 2 0
explorer/internal/api/metrics.go:186.40,188.25 2 0
explorer/internal/api/metrics.go:188.25,190.3 1 0
explorer/internal/api/metrics.go:191.2,191.57 1 0
explorer/internal/api/privacy_handlers.go:16.76,20.2 1 0
explorer/internal/api/privacy_handlers.go:22.85,25.22 2 0
explorer/internal/api/privacy_handlers.go:25.22,28.3 2 0
explorer/internal/api/privacy_handlers.go:30.2,30.34 1 0
explorer/internal/api/privacy_handlers.go:30.34,37.3 2 0
explorer/internal/api/privacy_handlers.go:39.2,40.16 2 0
explorer/internal/api/privacy_handlers.go:40.16,43.3 2 0
explorer/internal/api/privacy_handlers.go:45.2,45.22 1 0
explorer/internal/api/privacy_handlers.go:48.87,51.22 2 0
explorer/internal/api/privacy_handlers.go:51.22,54.3 2 0
explorer/internal/api/privacy_handlers.go:56.2,57.19 2 0
explorer/internal/api/privacy_handlers.go:57.19,60.3 2 0
explorer/internal/api/privacy_handlers.go:62.2,62.34 1 0
explorer/internal/api/privacy_handlers.go:62.34,70.3 2 0
explorer/internal/api/privacy_handlers.go:72.2,73.16 2 0
explorer/internal/api/privacy_handlers.go:73.16,76.3 2 0
explorer/internal/api/privacy_handlers.go:78.2,78.22 1 0
explorer/internal/api/privacy_handlers.go:81.84,84.22 2 0
explorer/internal/api/privacy_handlers.go:84.22,87.3 2 0
explorer/internal/api/privacy_handlers.go:89.2,92.61 2 0
explorer/internal/api/privacy_handlers.go:92.61,95.3 2 0
explorer/internal/api/privacy_handlers.go:97.2,97.29 1 0
explorer/internal/api/privacy_handlers.go:97.29,100.3 2 0
explorer/internal/api/privacy_handlers.go:102.2,102.30 1 0
explorer/internal/api/privacy_handlers.go:102.30,105.3 2 0
explorer/internal/api/privacy_handlers.go:107.2,107.34 1 0
explorer/internal/api/privacy_handlers.go:107.34,109.38 2 0
explorer/internal/api/privacy_handlers.go:109.38,116.4 1 0
explorer/internal/api/privacy_handlers.go:117.3,118.9 2 0
explorer/internal/api/privacy_handlers.go:121.2,122.16 2 0
explorer/internal/api/privacy_handlers.go:122.16,125.3 2 0
explorer/internal/api/privacy_handlers.go:127.2,127.50 1 0
explorer/internal/api/privacy_handlers.go:132.101,133.34 1 0
explorer/internal/api/privacy_handlers.go:133.34,135.3 1 0
explorer/internal/api/privacy_handlers.go:137.2,138.22 2 0
explorer/internal/api/privacy_handlers.go:138.22,140.3 1 0
explorer/internal/api/privacy_handlers.go:142.2,143.16 2 0
explorer/internal/api/privacy_handlers.go:143.16,151.3 1 0
explorer/internal/api/privacy_handlers.go:153.2,153.12 1 0
explorer/internal/api/privacy_handlers.go:156.114,160.54 3 0
explorer/internal/api/privacy_handlers.go:160.54,161.34 1 0
explorer/internal/api/privacy_handlers.go:161.34,167.4 1 0
explorer/internal/api/privacy_handlers.go:168.3,168.16 1 0
explorer/internal/api/privacy_handlers.go:171.2,172.16 2 0
explorer/internal/api/privacy_handlers.go:172.16,174.34 1 0
explorer/internal/api/privacy_handlers.go:174.34,180.4 1 0
explorer/internal/api/privacy_handlers.go:181.3,181.16 1 0
explorer/internal/api/privacy_handlers.go:184.2,184.33 1 0
explorer/internal/api/privacy_handlers.go:184.33,186.26 2 0
explorer/internal/api/privacy_handlers.go:186.26,192.4 1 0
explorer/internal/api/privacy_handlers.go:192.9,194.75 2 0
explorer/internal/api/privacy_handlers.go:194.75,196.5 1 0
explorer/internal/api/privacy_handlers.go:197.4,202.5 1 0
explorer/internal/api/privacy_handlers.go:206.2,206.15 1 0
explorer/internal/api/privacy_handlers.go:228.82,232.38 3 0
explorer/internal/api/privacy_handlers.go:232.38,235.3 2 0
explorer/internal/api/privacy_handlers.go:238.2,239.22 2 0
explorer/internal/api/privacy_handlers.go:239.22,242.3 2 0
explorer/internal/api/privacy_handlers.go:244.2,244.34 1 0
explorer/internal/api/privacy_handlers.go:244.34,247.3 2 0
explorer/internal/api/privacy_handlers.go:249.2,250.16 2 0
explorer/internal/api/privacy_handlers.go:250.16,252.44 2 0
explorer/internal/api/privacy_handlers.go:252.44,255.4 2 0
explorer/internal/api/privacy_handlers.go:256.3,256.126 1 0
explorer/internal/api/privacy_handlers.go:256.126,259.4 2 0
explorer/internal/api/privacy_handlers.go:260.3,261.9 2 0
explorer/internal/api/privacy_handlers.go:264.2,267.16 3 0
explorer/internal/api/privacy_handlers.go:267.16,270.3 2 0
explorer/internal/api/privacy_handlers.go:272.2,273.16 2 0
explorer/internal/api/privacy_handlers.go:273.16,276.3 2 0
explorer/internal/api/privacy_handlers.go:278.2,279.16 2 0
explorer/internal/api/privacy_handlers.go:279.16,282.3 2 0
explorer/internal/api/privacy_handlers.go:285.2,286.34 2 0
explorer/internal/api/privacy_handlers.go:287.14,288.40 1 0
explorer/internal/api/privacy_handlers.go:289.22,291.27 2 0
explorer/internal/api/privacy_handlers.go:291.27,293.4 1 0
explorer/internal/api/privacy_handlers.go:294.18,295.32 1 0
explorer/internal/api/privacy_handlers.go:296.10,298.32 1 0
explorer/internal/api/privacy_handlers.go:301.2,310.24 2 0
explorer/internal/api/privacy_handlers.go:336.94,340.38 3 0
explorer/internal/api/privacy_handlers.go:340.38,343.3 2 0
explorer/internal/api/privacy_handlers.go:346.2,347.22 2 0
explorer/internal/api/privacy_handlers.go:347.22,350.3 2 0
explorer/internal/api/privacy_handlers.go:352.2,352.34 1 0
explorer/internal/api/privacy_handlers.go:352.34,355.3 2 0
explorer/internal/api/privacy_handlers.go:357.2,358.16 2 0
explorer/internal/api/privacy_handlers.go:358.16,360.44 2 0
explorer/internal/api/privacy_handlers.go:360.44,363.4 2 0
explorer/internal/api/privacy_handlers.go:364.3,364.126 1 0
explorer/internal/api/privacy_handlers.go:364.126,367.4 2 0
explorer/internal/api/privacy_handlers.go:368.3,369.9 2 0
explorer/internal/api/privacy_handlers.go:372.2,372.44 1 0
explorer/internal/api/privacy_handlers.go:372.44,380.3 2 0
explorer/internal/api/privacy_handlers.go:382.2,390.16 6 0
explorer/internal/api/privacy_handlers.go:390.16,393.3 2 0
explorer/internal/api/privacy_handlers.go:395.2,396.13 2 0
explorer/internal/api/privacy_handlers.go:396.13,398.3 1 0
explorer/internal/api/privacy_handlers.go:400.2,401.48 2 0
explorer/internal/api/privacy_handlers.go:401.48,403.31 2 0
explorer/internal/api/privacy_handlers.go:403.31,405.4 1 0
explorer/internal/api/privacy_handlers.go:408.2,414.51 4 0
explorer/internal/api/privacy_handlers.go:414.51,415.41 1 0
explorer/internal/api/privacy_handlers.go:415.41,417.4 1 0
explorer/internal/api/privacy_handlers.go:418.3,419.67 2 0
explorer/internal/api/privacy_handlers.go:419.67,421.4 1 0
explorer/internal/api/privacy_handlers.go:422.3,426.16 5 0
explorer/internal/api/privacy_handlers.go:429.2,432.25 3 0
explorer/internal/api/privacy_handlers.go:432.25,441.41 2 0
explorer/internal/api/privacy_handlers.go:441.41,443.4 1 0
explorer/internal/api/privacy_handlers.go:445.3,445.54 1 0
explorer/internal/api/privacy_handlers.go:445.54,447.4 1 0
explorer/internal/api/privacy_handlers.go:447.9,449.4 1 0
explorer/internal/api/privacy_handlers.go:451.3,451.19 1 0
explorer/internal/api/privacy_handlers.go:451.19,452.54 1 0
explorer/internal/api/privacy_handlers.go:452.54,455.5 2 0
explorer/internal/api/privacy_handlers.go:455.10,458.5 2 0
explorer/internal/api/privacy_handlers.go:461.3,463.39 3 0
explorer/internal/api/privacy_handlers.go:463.39,465.4 1 0
explorer/internal/api/privacy_handlers.go:465.9,465.29 1 0
explorer/internal/api/privacy_handlers.go:465.29,467.4 1 0
explorer/internal/api/privacy_handlers.go:467.9,469.4 1 0
explorer/internal/api/privacy_handlers.go:471.3,471.42 1 0
explorer/internal/api/privacy_handlers.go:474.2,479.4 1 0
explorer/internal/api/privacy_handlers.go:484.77,491.2 6 0
explorer/internal/api/privacy_middleware.go:12.75,13.71 1 0
explorer/internal/api/privacy_middleware.go:13.71,15.20 2 0
explorer/internal/api/privacy_middleware.go:15.20,18.4 2 0
explorer/internal/api/privacy_middleware.go:20.3,21.33 2 0
explorer/internal/api/privacy_middleware.go:21.33,24.4 2 0
explorer/internal/api/privacy_middleware.go:26.3,26.23 1 0
explorer/internal/api/server.go:48.218,61.38 2 0
explorer/internal/api/server.go:61.38,63.3 1 0
explorer/internal/api/server.go:65.2,65.21 1 0
explorer/internal/api/server.go:65.21,68.3 2 0
explorer/internal/api/server.go:70.2,70.38 1 0
explorer/internal/api/server.go:70.38,75.3 1 0
explorer/internal/api/server.go:77.2,80.10 3 0
explorer/internal/api/server.go:83.32,88.22 4 0
explorer/internal/api/server.go:88.22,90.3 1 0
explorer/internal/api/server.go:92.2,93.46 1 0
explorer/internal/api/server.go:93.46,93.61 1 0
explorer/internal/api/server.go:98.2,101.51 3 0
explorer/internal/api/server.go:101.51,103.3 1 0
explorer/internal/api/server.go:105.2,109.22 4 0
explorer/internal/api/server.go:109.22,111.3 1 0
explorer/internal/api/server.go:113.2,113.20 1 0
explorer/internal/api/server.go:113.20,115.3 1 0
explorer/internal/api/server.go:118.2,118.44 1 0
explorer/internal/api/server.go:118.44,120.3 1 0
explorer/internal/api/server.go:121.2,121.47 1 0
explorer/internal/api/server.go:121.47,123.3 1 0
explorer/internal/api/server.go:125.2,125.47 1 0
explorer/internal/api/server.go:125.47,127.3 1 0
explorer/internal/api/server.go:129.2,129.51 1 0
explorer/internal/api/server.go:129.51,130.50 1 0
explorer/internal/api/server.go:130.50,135.4 4 0
explorer/internal/api/server.go:138.2,138.59 1 0
explorer/internal/api/server.go:138.59,139.53 1 0
explorer/internal/api/server.go:139.53,145.4 5 0
explorer/internal/api/server.go:149.47,158.40 8 0
explorer/internal/api/server.go:158.40,163.3 4 0
explorer/internal/api/server.go:165.2,165.46 1 0
explorer/internal/api/server.go:165.46,171.3 5 0
explorer/internal/api/server.go:173.2,173.53 1 0
explorer/internal/api/server.go:173.53,185.3 11 0
explorer/internal/api/server.go:187.2,187.40 1 0
explorer/internal/api/server.go:187.40,191.3 3 0
explorer/internal/api/server.go:193.2,193.40 1 0
explorer/internal/api/server.go:193.40,195.44 2 0
explorer/internal/api/server.go:195.44,200.4 4 0
explorer/internal/api/server.go:203.2,205.41 3 0
explorer/internal/api/server.go:208.49,211.2 1 0
explorer/internal/api/server.go:213.51,214.20 1 0
explorer/internal/api/server.go:214.20,216.3 1 0
explorer/internal/api/server.go:218.2,223.12 2 0
explorer/internal/api/server.go:223.12,228.3 4 0
explorer/internal/api/server.go:230.2,230.29 1 0
explorer/internal/api/websocket_handler.go:16.42,18.3 1 0
explorer/internal/api/websocket_handler.go:21.74,22.20 1 0
explorer/internal/api/websocket_handler.go:22.20,25.3 2 0
explorer/internal/api/websocket_handler.go:27.2,28.16 2 0
explorer/internal/api/websocket_handler.go:28.16,31.3 2 0
explorer/internal/api/websocket_handler.go:33.2,38.22 4 0
explorer/internal/auth/jwt.go:21.54,23.21 2 0
explorer/internal/auth/jwt.go:23.21,25.3 1 0
explorer/internal/auth/jwt.go:27.2,28.16 2 0
explorer/internal/auth/jwt.go:28.16,31.17 2 0
explorer/internal/auth/jwt.go:31.17,33.4 1 0
explorer/internal/auth/jwt.go:36.2,37.57 2 0
explorer/internal/auth/jwt.go:37.57,39.3 1 0
explorer/internal/auth/jwt.go:41.2,41.21 1 0
explorer/internal/auth/jwt.go:44.38,46.2 1 0
explorer/internal/auth/jwt.go:48.37,50.2 1 0
explorer/internal/auth/jwt.go:52.50,54.2 1 0
explorer/internal/auth/sso.go:58.77,72.2 3 0
explorer/internal/auth/sso.go:74.38,76.2 1 1
explorer/internal/auth/sso.go:78.69,80.40 2 1
explorer/internal/auth/sso.go:80.40,82.3 1 0
explorer/internal/auth/sso.go:83.2,86.42 3 1
explorer/internal/auth/sso.go:86.42,89.3 2 1
explorer/internal/auth/sso.go:90.2,96.19 3 1
explorer/internal/auth/sso.go:99.64,104.13 4 1
explorer/internal/auth/sso.go:104.13,106.3 1 1
explorer/internal/auth/sso.go:109.2,111.39 2 1
explorer/internal/auth/sso.go:111.39,113.3 1 0
explorer/internal/auth/sso.go:115.2,115.30 1 1
explorer/internal/auth/sso.go:118.62,127.2 7 1
explorer/internal/auth/sso.go:129.97,139.16 8 0
explorer/internal/auth/sso.go:139.16,141.3 1 0
explorer/internal/auth/sso.go:142.2,145.16 3 0
explorer/internal/auth/sso.go:145.16,147.3 1 0
explorer/internal/auth/sso.go:148.2,151.16 3 0
explorer/internal/auth/sso.go:151.16,153.3 1 0
explorer/internal/auth/sso.go:155.2,155.38 1 0
explorer/internal/auth/sso.go:155.38,157.81 2 0
explorer/internal/auth/sso.go:157.81,159.4 1 0
explorer/internal/auth/sso.go:160.3,160.89 1 0
explorer/internal/auth/sso.go:163.2,164.54 2 0
explorer/internal/auth/sso.go:164.54,166.3 1 0
explorer/internal/auth/sso.go:168.2,168.21 1 0
explorer/internal/auth/sso.go:171.37,175.21 3 0
explorer/internal/auth/sso.go:175.21,178.42 3 0
explorer/internal/auth/sso.go:178.42,179.34 1 0
explorer/internal/auth/sso.go:179.34,181.5 1 0
explorer/internal/auth/sso.go:183.3,183.21 1 0
explorer/internal/config/config.go:56.34,98.2 33 0
explorer/internal/config/config.go:100.30,157.39 45 0
explorer/internal/config/config.go:157.39,159.3 1 0
explorer/internal/config/config.go:161.2,161.17 1 0
explorer/internal/config/config.go:164.35,165.20 1 0
explorer/internal/config/config.go:165.20,167.3 1 0
explorer/internal/config/config.go:168.2,168.25 1 0
explorer/internal/config/config.go:168.25,170.3 1 0
explorer/internal/config/config.go:171.2,171.41 1 0
explorer/internal/config/config.go:171.41,173.3 1 0
explorer/internal/config/config.go:174.2,174.23 1 0
explorer/internal/config/config.go:174.23,176.3 1 0
explorer/internal/config/config.go:177.2,177.25 1 0
explorer/internal/config/config.go:177.25,179.3 1 0
explorer/internal/config/config.go:180.2,180.24 1 0
explorer/internal/config/config.go:180.24,181.23 1 0
explorer/internal/config/config.go:181.23,183.4 1 0
explorer/internal/config/config.go:184.3,184.36 1 0
explorer/internal/config/config.go:184.36,186.4 1 0
explorer/internal/config/config.go:188.2,188.12 1 0
explorer/internal/config/config.go:191.34,248.2 2 0
explorer/internal/config/config.go:250.46,252.17 2 0
explorer/internal/config/config.go:252.17,254.3 1 0
explorer/internal/config/config.go:255.2,256.18 2 0
explorer/internal/config/config.go:256.18,258.3 1 0
explorer/internal/config/config.go:260.2,262.20 3 0
explorer/internal/config/config.go:262.20,264.3 1 0
explorer/internal/config/config.go:266.2,266.63 1 0
explorer/internal/db/batch.go:32.79,34.16 2 0
explorer/internal/db/batch.go:34.16,36.3 1 0
explorer/internal/db/batch.go:37.2,39.23 2 0
explorer/internal/db/batch.go:39.23,49.17 2 0
explorer/internal/db/batch.go:49.17,51.4 1 0
explorer/internal/db/batch.go:54.2,54.32 1 0
explorer/internal/db/batch.go:54.32,56.39 2 0
explorer/internal/db/batch.go:56.39,64.4 1 0
explorer/internal/db/batch.go:65.3,66.36 2 0
explorer/internal/db/batch.go:66.36,68.4 1 0
explorer/internal/db/batch.go:71.2,71.29 1 0
explorer/internal/db/batch.go:71.29,73.36 2 0
explorer/internal/db/batch.go:73.36,81.4 1 0
explorer/internal/db/batch.go:82.3,83.36 2 0
explorer/internal/db/batch.go:83.36,85.4 1 0
explorer/internal/db/batch.go:88.2,88.26 1 0
explorer/internal/db/batch.go:88.26,90.33 2 0
explorer/internal/db/batch.go:90.33,100.4 1 0
explorer/internal/db/batch.go:101.3,102.36 2 0
explorer/internal/db/batch.go:102.36,104.4 1 0
explorer/internal/db/batch.go:107.2,107.24 1 0
explorer/internal/db/batch.go:107.24,109.31 2 0
explorer/internal/db/batch.go:109.31,115.4 1 0
explorer/internal/db/batch.go:116.3,117.36 2 0
explorer/internal/db/batch.go:117.36,119.4 1 0
explorer/internal/db/batch.go:122.2,122.29 1 0
explorer/internal/db/batch.go:122.29,124.36 2 0
explorer/internal/db/batch.go:124.36,132.4 1 0
explorer/internal/db/batch.go:133.3,134.36 2 0
explorer/internal/db/batch.go:134.36,136.4 1 0
explorer/internal/db/batch.go:139.2,139.40 1 0
explorer/internal/db/batch.go:139.40,141.48 2 0
explorer/internal/db/batch.go:141.48,149.4 1 0
explorer/internal/db/batch.go:150.3,151.36 2 0
explorer/internal/db/batch.go:151.36,153.4 1 0
explorer/internal/db/batch.go:156.2,156.58 1 0
explorer/internal/db/batch.go:156.58,158.39 2 0
explorer/internal/db/batch.go:158.39,170.4 1 0
explorer/internal/db/batch.go:171.3,172.36 2 0
explorer/internal/db/batch.go:172.36,174.4 1 0
explorer/internal/db/batch.go:177.2,177.23 1 0
explorer/internal/db/batch.go:181.61,251.2 2 0
explorer/internal/db/batch.go:253.88,254.24 1 0
explorer/internal/db/batch.go:254.24,256.3 1 0
explorer/internal/db/batch.go:258.2,259.16 2 0
explorer/internal/db/batch.go:259.16,261.3 1 0
explorer/internal/db/batch.go:262.2,265.29 3 0
explorer/internal/db/batch.go:265.29,271.3 1 0
explorer/internal/db/batch.go:273.2,274.35 2 0
explorer/internal/db/batch.go:274.35,276.3 1 0
explorer/internal/db/batch.go:278.2,278.23 1 0
explorer/internal/db/batch.go:281.74,283.16 2 0
explorer/internal/db/batch.go:283.16,285.3 1 0
explorer/internal/db/batch.go:286.2,289.18 3 0
explorer/internal/db/batch.go:289.18,291.42 2 0
explorer/internal/db/batch.go:291.42,293.4 1 0
explorer/internal/db/batch.go:294.3,294.38 1 0
explorer/internal/db/batch.go:296.2,296.30 1 0
explorer/internal/db/db.go:22.43,24.16 2 0
explorer/internal/db/db.go:24.16,26.3 1 0
explorer/internal/db/db.go:27.2,27.56 1 0
explorer/internal/db/db.go:27.56,29.3 1 0
explorer/internal/db/db.go:30.2,30.29 1 0
explorer/internal/db/db.go:33.22,35.2 1 0
explorer/internal/db/db.go:37.30,41.16 3 0
explorer/internal/db/db.go:41.16,43.3 1 0
explorer/internal/db/db.go:44.2,47.16 3 0
explorer/internal/db/db.go:47.16,49.3 1 0
explorer/internal/db/db.go:51.2,52.16 2 0
explorer/internal/db/db.go:52.16,54.3 1 0
explorer/internal/db/db.go:56.2,57.16 2 0
explorer/internal/db/db.go:57.16,59.3 1 0
explorer/internal/db/db.go:61.2,61.80 1 0
explorer/internal/db/db.go:61.80,63.3 1 0
explorer/internal/db/db.go:65.2,68.45 3 0
explorer/internal/db/db.go:68.45,70.3 1 0
explorer/internal/db/db.go:72.2,72.12 1 0
explorer/internal/db/missing_ranges.go:25.80,31.26 3 0
explorer/internal/db/missing_ranges.go:31.26,33.3 1 0
explorer/internal/db/missing_ranges.go:34.2,34.16 1 0
explorer/internal/db/missing_ranges.go:37.113,47.2 2 0
explorer/internal/db/missing_ranges.go:49.80,50.22 1 0
explorer/internal/db/missing_ranges.go:50.22,52.3 1 0
explorer/internal/db/missing_ranges.go:54.2,55.27 2 0
explorer/internal/db/missing_ranges.go:55.27,61.3 1 0
explorer/internal/db/missing_ranges.go:63.2,66.19 3 0
explorer/internal/db/missing_ranges.go:66.19,68.17 2 0
explorer/internal/db/missing_ranges.go:68.17,70.4 1 0
explorer/internal/db/missing_ranges.go:72.2,72.12 1 0
explorer/internal/db/missing_ranges.go:76.94,82.16 2 0
explorer/internal/db/missing_ranges.go:82.16,84.3 1 0
explorer/internal/db/missing_ranges.go:85.2,88.18 3 0
explorer/internal/db/missing_ranges.go:88.18,90.84 2 0
explorer/internal/db/missing_ranges.go:90.84,92.4 1 0
explorer/internal/db/missing_ranges.go:93.3,93.29 1 0
explorer/internal/db/missing_ranges.go:95.2,95.27 1 0
explorer/internal/db/missing_ranges.go:98.68,101.2 2 0
explorer/internal/db/missing_ranges.go:103.87,108.2 2 0
explorer/internal/db/missing_ranges.go:112.91,117.16 3 0
explorer/internal/db/missing_ranges.go:117.16,119.3 1 0
explorer/internal/db/missing_ranges.go:121.2,122.16 2 0
explorer/internal/db/missing_ranges.go:122.16,124.3 1 0
explorer/internal/db/missing_ranges.go:126.2,126.31 1 0
explorer/internal/db/missing_ranges.go:126.31,127.22 1 0
explorer/internal/db/missing_ranges.go:127.22,131.4 1 0
explorer/internal/db/missing_ranges.go:132.8,132.36 1 0
explorer/internal/db/missing_ranges.go:132.36,133.22 1 0
explorer/internal/db/missing_ranges.go:133.22,137.4 1 0
explorer/internal/db/missing_ranges.go:138.8,138.63 1 0
explorer/internal/db/missing_ranges.go:138.63,143.3 1 0
explorer/internal/db/missing_ranges.go:144.2,144.12 1 0
explorer/internal/db/missing_ranges.go:147.72,151.2 3 0
explorer/internal/db/missing_ranges.go:153.72,157.18 3 0
explorer/internal/db/missing_ranges.go:157.18,159.3 1 0
explorer/internal/db/missing_ranges.go:160.2,160.20 1 0
explorer/internal/db/missing_ranges.go:163.109,186.16 2 0
explorer/internal/db/missing_ranges.go:186.16,188.3 1 0
explorer/internal/db/missing_ranges.go:189.2,192.18 3 0
explorer/internal/db/missing_ranges.go:192.18,194.63 2 0
explorer/internal/db/missing_ranges.go:194.63,196.4 1 0
explorer/internal/db/missing_ranges.go:197.3,197.29 1 0
explorer/internal/db/missing_ranges.go:199.2,199.27 1 0
explorer/internal/db/missing_ranges.go:202.94,206.19 3 0
explorer/internal/db/missing_ranges.go:206.19,208.3 1 0
explorer/internal/db/missing_ranges.go:209.2,209.19 1 0
explorer/internal/db/missing_ranges.go:209.19,211.3 1 0
explorer/internal/db/missing_ranges.go:212.2,212.8 1 0
explorer/internal/db/missing_ranges.go:215.64,219.2 3 0
explorer/internal/db/missing_ranges.go:221.60,224.2 2 0
explorer/internal/db/missing_ranges.go:226.73,231.2 3 0
explorer/internal/db/op_deposits.go:11.92,12.24 1 0
explorer/internal/db/op_deposits.go:12.24,14.3 1 0
explorer/internal/db/op_deposits.go:16.2,17.16 2 0
explorer/internal/db/op_deposits.go:17.16,19.3 1 0
explorer/internal/db/op_deposits.go:20.2,23.31 3 0
explorer/internal/db/op_deposits.go:23.31,29.3 1 0
explorer/internal/db/op_deposits.go:31.2,32.35 2 0
explorer/internal/db/op_deposits.go:32.35,34.3 1 0
explorer/internal/db/op_deposits.go:36.2,36.23 1 0
explorer/internal/db/op_deposits.go:39.91,47.16 3 0
explorer/internal/db/op_deposits.go:47.16,48.27 1 0
explorer/internal/db/op_deposits.go:48.27,50.4 1 0
explorer/internal/db/op_deposits.go:51.3,51.18 1 0
explorer/internal/db/op_deposits.go:53.2,53.18 1 0
explorer/internal/db/op_deposits.go:56.73,60.16 3 0
explorer/internal/db/op_deposits.go:60.16,62.3 1 0
explorer/internal/db/op_deposits.go:63.2,63.21 1 0
explorer/internal/db/op_deposits.go:63.21,65.3 1 0
explorer/internal/db/op_deposits.go:66.2,66.23 1 0
explorer/internal/db/queries.go:15.72,18.30 3 0
explorer/internal/db/queries.go:18.30,20.3 1 0
explorer/internal/db/queries.go:21.2,21.18 1 0
explorer/internal/db/queries.go:24.69,33.2 2 0
explorer/internal/db/queries.go:35.81,43.26 3 0
explorer/internal/db/queries.go:43.26,45.3 1 0
explorer/internal/db/queries.go:46.2,46.16 1 0
explorer/internal/db/queries.go:49.85,57.26 3 0
explorer/internal/db/queries.go:57.26,59.3 1 0
explorer/internal/db/queries.go:60.2,60.16 1 0
explorer/internal/db/queries.go:63.100,67.24 3 0
explorer/internal/db/queries.go:67.24,72.3 1 0
explorer/internal/db/queries.go:72.8,77.3 1 0
explorer/internal/db/queries.go:78.2,78.16 1 0
explorer/internal/db/queries.go:78.16,80.3 1 0
explorer/internal/db/queries.go:81.2,84.18 3 0
explorer/internal/db/queries.go:84.18,87.160 2 0
explorer/internal/db/queries.go:87.160,89.4 1 0
explorer/internal/db/queries.go:90.3,90.29 1 0
explorer/internal/db/queries.go:92.2,92.27 1 0
explorer/internal/db/queries.go:95.68,98.2 2 0
explorer/internal/db/queries.go:102.82,111.2 2 0
explorer/internal/db/queries.go:113.91,126.26 4 0
explorer/internal/db/queries.go:126.26,128.3 1 0
explorer/internal/db/queries.go:129.2,129.16 1 0
explorer/internal/db/queries.go:129.16,131.3 1 0
explorer/internal/db/queries.go:132.2,133.17 2 0
explorer/internal/db/queries.go:136.112,140.24 3 0
explorer/internal/db/queries.go:140.24,148.3 1 0
explorer/internal/db/queries.go:148.8,156.3 1 0
explorer/internal/db/queries.go:157.2,157.16 1 0
explorer/internal/db/queries.go:157.16,159.3 1 0
explorer/internal/db/queries.go:160.2,162.44 2 0
explorer/internal/db/queries.go:165.116,168.16 3 0
explorer/internal/db/queries.go:168.16,170.3 1 0
explorer/internal/db/queries.go:172.2,181.16 3 0
explorer/internal/db/queries.go:181.16,183.3 1 0
explorer/internal/db/queries.go:184.2,187.24 3 0
explorer/internal/db/queries.go:190.107,198.16 2 0
explorer/internal/db/queries.go:198.16,200.3 1 0
explorer/internal/db/queries.go:201.2,202.44 2 0
explorer/internal/db/queries.go:205.137,209.24 3 0
explorer/internal/db/queries.go:209.24,218.3 1 0
explorer/internal/db/queries.go:218.8,227.3 1 0
explorer/internal/db/queries.go:228.2,228.16 1 0
explorer/internal/db/queries.go:228.16,230.3 1 0
explorer/internal/db/queries.go:231.2,232.44 2 0
explorer/internal/db/queries.go:235.80,237.18 2 0
explorer/internal/db/queries.go:237.18,242.99 3 0
explorer/internal/db/queries.go:242.99,244.4 1 0
explorer/internal/db/queries.go:245.3,246.24 2 0
explorer/internal/db/queries.go:248.2,248.24 1 0
explorer/internal/db/queries.go:251.126,267.24 4 0
explorer/internal/db/queries.go:267.24,270.3 2 0
explorer/internal/db/queries.go:270.8,273.3 2 0
explorer/internal/db/queries.go:274.2,274.16 1 0
explorer/internal/db/queries.go:274.16,276.3 1 0
explorer/internal/db/queries.go:277.2,279.45 2 0
explorer/internal/db/queries.go:282.130,285.16 3 0
explorer/internal/db/queries.go:285.16,287.3 1 0
explorer/internal/db/queries.go:289.2,303.16 3 0
explorer/internal/db/queries.go:303.16,305.3 1 0
explorer/internal/db/queries.go:306.2,309.24 3 0
explorer/internal/db/queries.go:312.105,335.26 6 0
explorer/internal/db/queries.go:335.26,337.3 1 0
explorer/internal/db/queries.go:338.2,338.16 1 0
explorer/internal/db/queries.go:338.16,340.3 1 0
explorer/internal/db/queries.go:341.2,345.17 4 0
explorer/internal/db/queries.go:348.81,350.18 2 0
explorer/internal/db/queries.go:350.18,359.92 5 0
explorer/internal/db/queries.go:359.92,361.4 1 0
explorer/internal/db/queries.go:362.3,366.24 4 0
explorer/internal/db/queries.go:368.2,368.24 1 0
explorer/internal/db/queries.go:371.112,373.24 2 0
explorer/internal/db/queries.go:373.24,375.3 1 0
explorer/internal/db/queries.go:376.2,376.20 1 0
explorer/internal/db/queries.go:376.20,378.3 1 0
explorer/internal/db/queries.go:379.2,379.20 1 0
explorer/internal/db/queries.go:379.20,381.3 1 0
explorer/internal/db/queries.go:382.2,382.28 1 0
explorer/internal/db/queries.go:382.28,384.3 1 0
explorer/internal/db/queries.go:385.2,385.19 1 0
explorer/internal/db/queries.go:390.69,401.2 2 0
explorer/internal/db/queries.go:403.82,411.26 3 0
explorer/internal/db/queries.go:411.26,413.3 1 0
explorer/internal/db/queries.go:414.2,414.16 1 0
explorer/internal/db/queries.go:417.116,420.21 3 0
explorer/internal/db/queries.go:420.21,423.3 2 0
explorer/internal/db/queries.go:423.8,425.3 1 0
explorer/internal/db/queries.go:427.2,429.21 3 0
explorer/internal/db/queries.go:429.21,435.3 1 0
explorer/internal/db/queries.go:435.8,440.3 1 0
explorer/internal/db/queries.go:441.2,441.16 1 0
explorer/internal/db/queries.go:441.16,443.3 1 0
explorer/internal/db/queries.go:444.2,447.18 3 0
explorer/internal/db/queries.go:447.18,450.122 2 0
explorer/internal/db/queries.go:450.122,452.4 1 0
explorer/internal/db/queries.go:453.3,453.29 1 0
explorer/internal/db/queries.go:455.2,455.34 1 0
explorer/internal/db/queries.go:458.110,463.2 2 0
explorer/internal/db/queries.go:465.106,471.2 2 0
explorer/internal/db/queries.go:475.85,484.2 2 0
explorer/internal/db/queries.go:486.136,490.24 3 0
explorer/internal/db/queries.go:490.24,496.3 1 0
explorer/internal/db/queries.go:496.8,502.3 1 0
explorer/internal/db/queries.go:503.2,503.16 1 0
explorer/internal/db/queries.go:503.16,505.3 1 0
explorer/internal/db/queries.go:506.2,507.33 2 0
explorer/internal/db/queries.go:510.107,516.16 2 0
explorer/internal/db/queries.go:516.16,518.3 1 0
explorer/internal/db/queries.go:519.2,520.33 2 0
explorer/internal/db/queries.go:523.137,532.16 4 0
explorer/internal/db/queries.go:532.16,534.3 1 0
explorer/internal/db/queries.go:535.2,538.30 3 0
explorer/internal/db/queries.go:541.112,550.16 4 0
explorer/internal/db/queries.go:550.16,552.3 1 0
explorer/internal/db/queries.go:553.2,556.30 3 0
explorer/internal/db/queries.go:559.71,561.18 2 0
explorer/internal/db/queries.go:561.18,565.88 3 0
explorer/internal/db/queries.go:565.88,567.4 1 0
explorer/internal/db/queries.go:568.3,569.35 2 0
explorer/internal/db/queries.go:571.2,571.30 1 0
explorer/internal/db/queries.go:576.131,599.16 4 0
explorer/internal/db/queries.go:599.16,601.3 1 0
explorer/internal/db/queries.go:602.2,605.18 3 0
explorer/internal/db/queries.go:605.18,608.90 3 0
explorer/internal/db/queries.go:608.90,610.4 1 0
explorer/internal/db/queries.go:611.3,612.31 2 0
explorer/internal/db/queries.go:614.2,614.35 1 0
explorer/internal/db/queries.go:619.73,626.2 2 0
explorer/internal/db/queries.go:628.113,637.26 4 0
explorer/internal/db/queries.go:637.26,639.3 1 0
explorer/internal/db/queries.go:640.2,640.16 1 0
explorer/internal/db/queries.go:640.16,642.3 1 0
explorer/internal/db/queries.go:643.2,644.16 2 0
explorer/internal/db/queries.go:647.126,653.16 2 0
explorer/internal/db/queries.go:653.16,655.3 1 0
explorer/internal/db/queries.go:656.2,659.18 3 0
explorer/internal/db/queries.go:659.18,662.93 3 0
explorer/internal/db/queries.go:662.93,664.4 1 0
explorer/internal/db/queries.go:665.3,666.33 2 0
explorer/internal/db/queries.go:668.2,668.29 1 0
explorer/internal/db/queries.go:671.93,682.16 2 0
explorer/internal/db/queries.go:682.16,684.3 1 0
explorer/internal/db/queries.go:685.2,688.18 3 0
explorer/internal/db/queries.go:688.18,691.93 3 0
explorer/internal/db/queries.go:691.93,693.4 1 0
explorer/internal/db/queries.go:694.3,695.33 2 0
explorer/internal/db/queries.go:697.2,697.29 1 0
explorer/internal/db/queries.go:702.107,711.2 2 0
explorer/internal/db/queries.go:713.97,718.26 3 0
explorer/internal/db/queries.go:718.26,720.3 1 0
explorer/internal/db/queries.go:721.2,721.19 1 0
explorer/internal/db/queries.go:724.88,728.16 2 0
explorer/internal/db/queries.go:728.16,730.3 1 0
explorer/internal/db/queries.go:731.2,734.18 3 0
explorer/internal/db/queries.go:734.18,736.87 2 0
explorer/internal/db/queries.go:736.87,738.4 1 0
explorer/internal/db/queries.go:739.3,739.33 1 0
explorer/internal/db/queries.go:741.2,741.29 1 0
explorer/internal/db/queries.go:746.113,757.2 2 0
explorer/internal/db/queries.go:759.129,768.2 2 0
explorer/internal/db/queries.go:770.96,776.26 3 0
explorer/internal/db/queries.go:776.26,778.3 1 0
explorer/internal/db/queries.go:779.2,779.16 1 0
explorer/internal/db/queries.go:782.113,785.16 3 0
explorer/internal/db/queries.go:785.16,787.3 1 0
explorer/internal/db/queries.go:789.2,795.16 3 0
explorer/internal/db/queries.go:795.16,797.3 1 0
explorer/internal/db/queries.go:798.2,801.18 3 0
explorer/internal/db/queries.go:801.18,803.158 2 0
explorer/internal/db/queries.go:803.158,805.4 1 0
explorer/internal/db/queries.go:806.3,806.33 1 0
explorer/internal/db/queries.go:809.2,809.36 1 0
explorer/internal/db/queries.go:814.75,823.2 2 0
explorer/internal/db/queries.go:825.88,835.26 3 0
explorer/internal/db/queries.go:835.26,837.3 1 0
explorer/internal/db/queries.go:838.2,838.16 1 0
explorer/internal/db/queries.go:841.76,845.2 3 0
explorer/internal/db/queries.go:847.257,863.2 2 0
explorer/internal/db/queries.go:865.96,871.2 2 0
explorer/internal/db/queries.go:873.93,878.16 2 0
explorer/internal/db/queries.go:878.16,880.3 1 0
explorer/internal/db/queries.go:882.2,882.32 1 0
explorer/internal/db/queries.go:882.32,888.3 1 0
explorer/internal/db/queries.go:889.2,889.12 1 0
explorer/internal/db/queries.go:892.112,901.16 4 0
explorer/internal/db/queries.go:901.16,903.3 1 0
explorer/internal/db/queries.go:904.2,907.18 3 0
explorer/internal/db/queries.go:907.18,910.126 2 0
explorer/internal/db/queries.go:910.126,912.4 1 0
explorer/internal/db/queries.go:913.3,913.35 1 0
explorer/internal/db/queries.go:915.2,915.37 1 0
explorer/internal/db/queries.go:920.65,927.2 2 0
explorer/internal/db/queries.go:929.92,934.16 2 0
explorer/internal/db/queries.go:934.16,936.3 1 0
explorer/internal/db/queries.go:937.2,938.23 2 0
explorer/internal/db/queries.go:941.119,949.16 4 0
explorer/internal/db/queries.go:949.16,951.3 1 0
explorer/internal/db/queries.go:952.2,955.25 3 0
explorer/internal/db/queries.go:958.116,966.16 4 0
explorer/internal/db/queries.go:966.16,968.3 1 0
explorer/internal/db/queries.go:969.2,972.25 3 0
explorer/internal/db/queries.go:975.144,980.20 4 0
explorer/internal/db/queries.go:980.20,984.3 3 0
explorer/internal/db/queries.go:985.2,985.19 1 0
explorer/internal/db/queries.go:985.19,989.3 3 0
explorer/internal/db/queries.go:990.2,990.22 1 0
explorer/internal/db/queries.go:990.22,994.3 3 0
explorer/internal/db/queries.go:995.2,995.20 1 0
explorer/internal/db/queries.go:995.20,999.3 3 0
explorer/internal/db/queries.go:1001.2,1005.16 4 0
explorer/internal/db/queries.go:1005.16,1007.3 1 0
explorer/internal/db/queries.go:1008.2,1009.23 2 0
explorer/internal/db/queries.go:1012.51,1014.18 2 0
explorer/internal/db/queries.go:1014.18,1016.173 2 0
explorer/internal/db/queries.go:1016.173,1018.4 1 0
explorer/internal/db/queries.go:1019.3,1019.25 1 0
explorer/internal/db/queries.go:1021.2,1021.25 1 0
explorer/internal/db/queries.go:1026.98,1035.2 2 0
explorer/internal/db/queries.go:1037.115,1043.16 2 0
explorer/internal/db/queries.go:1043.16,1045.3 1 0
explorer/internal/db/queries.go:1046.2,1047.39 2 0
explorer/internal/db/queries.go:1050.123,1056.16 2 0
explorer/internal/db/queries.go:1056.16,1058.3 1 0
explorer/internal/db/queries.go:1059.2,1060.39 2 0
explorer/internal/db/queries.go:1063.151,1075.16 4 0
explorer/internal/db/queries.go:1075.16,1077.3 1 0
explorer/internal/db/queries.go:1078.2,1081.24 3 0
explorer/internal/db/queries.go:1084.83,1086.18 2 0
explorer/internal/db/queries.go:1086.18,1090.101 3 0
explorer/internal/db/queries.go:1090.101,1092.4 1 0
explorer/internal/db/queries.go:1093.3,1094.24 2 0
explorer/internal/db/queries.go:1096.2,1096.24 1 0
explorer/internal/db/queries.go:1101.76,1107.26 3 0
explorer/internal/db/queries.go:1107.26,1109.3 1 0
explorer/internal/db/queries.go:1110.2,1110.16 1 0
explorer/internal/db/queries.go:1113.99,1119.2 2 0
explorer/internal/db/queries.go:1121.111,1130.2 2 0
explorer/internal/db/queries.go:1134.76,1149.25 4 0
explorer/internal/db/queries.go:1149.25,1151.3 1 0
explorer/internal/db/queries.go:1152.2,1152.20 1 0
explorer/internal/db/queries.go:1155.121,1166.16 2 0
explorer/internal/db/queries.go:1166.16,1168.3 1 0
explorer/internal/db/queries.go:1169.2,1172.18 3 0
explorer/internal/db/queries.go:1172.18,1174.59 2 0
explorer/internal/db/queries.go:1174.59,1176.4 1 0
explorer/internal/db/queries.go:1177.3,1177.29 1 0
explorer/internal/db/queries.go:1181.2,1181.55 1 0
explorer/internal/db/queries.go:1181.55,1183.3 1 0
explorer/internal/db/queries.go:1185.2,1185.27 1 0
explorer/internal/db/queries.go:1190.112,1193.22 2 0
explorer/internal/db/queries.go:1193.22,1198.17 2 0
explorer/internal/db/queries.go:1198.17,1200.4 1 0
explorer/internal/db/queries.go:1201.3,1203.19 2 0
explorer/internal/db/queries.go:1203.19,1205.42 2 0
explorer/internal/db/queries.go:1205.42,1207.5 1 0
explorer/internal/db/queries.go:1208.4,1212.6 1 0
explorer/internal/db/queries.go:1214.3,1214.36 1 0
explorer/internal/db/queries.go:1214.36,1216.4 1 0
explorer/internal/db/queries.go:1219.2,1219.42 1 0
explorer/internal/db/queries.go:1219.42,1224.17 2 0
explorer/internal/db/queries.go:1224.17,1226.4 1 0
explorer/internal/db/queries.go:1227.3,1229.19 2 0
explorer/internal/db/queries.go:1229.19,1231.43 2 0
explorer/internal/db/queries.go:1231.43,1233.5 1 0
explorer/internal/db/queries.go:1234.4,1238.6 1 0
explorer/internal/db/queries.go:1240.3,1240.36 1 0
explorer/internal/db/queries.go:1240.36,1242.4 1 0
explorer/internal/db/queries.go:1245.2,1245.42 1 0
explorer/internal/db/queries.go:1245.42,1250.17 2 0
explorer/internal/db/queries.go:1250.17,1252.4 1 0
explorer/internal/db/queries.go:1253.3,1255.19 2 0
explorer/internal/db/queries.go:1255.19,1258.56 3 0
explorer/internal/db/queries.go:1258.56,1260.5 1 0
explorer/internal/db/queries.go:1261.4,1265.6 1 0
explorer/internal/db/queries.go:1267.3,1267.36 1 0
explorer/internal/db/queries.go:1267.36,1269.4 1 0
explorer/internal/db/queries.go:1272.2,1272.21 1 0
explorer/internal/db/queries.go:1272.21,1277.17 2 0
explorer/internal/db/queries.go:1277.17,1279.4 1 0
explorer/internal/db/queries.go:1280.3,1282.19 2 0
explorer/internal/db/queries.go:1282.19,1285.62 3 0
explorer/internal/db/queries.go:1285.62,1287.5 1 0
explorer/internal/db/queries.go:1288.4,1289.34 2 0
explorer/internal/db/queries.go:1289.34,1291.5 1 0
explorer/internal/db/queries.go:1292.4,1296.6 1 0
explorer/internal/db/queries.go:1298.3,1298.36 1 0
explorer/internal/db/queries.go:1298.36,1300.4 1 0
explorer/internal/db/queries.go:1303.2,1303.25 1 0
explorer/internal/db/queries.go:1306.31,1307.22 1 0
explorer/internal/db/queries.go:1307.22,1308.25 1 0
explorer/internal/db/queries.go:1308.25,1310.4 1 0
explorer/internal/db/queries.go:1312.2,1312.19 1 0
explorer/internal/db/queries.go:1315.39,1316.21 1 0
explorer/internal/db/queries.go:1316.21,1318.3 1 0
explorer/internal/db/queries.go:1319.2,1319.47 1 0
explorer/internal/db/queries.go:1329.127,1349.16 4 0
explorer/internal/db/queries.go:1349.16,1351.3 1 0
explorer/internal/db/queries.go:1353.2,1358.8 1 0
explorer/internal/events/bus.go:23.70,25.16 2 0
explorer/internal/events/bus.go:25.16,27.3 1 0
explorer/internal/events/bus.go:28.2,31.8 1 0
explorer/internal/events/bus.go:42.20,46.2 1 0
explorer/internal/events/bus.go:48.60,55.2 5 0
explorer/internal/events/bus.go:57.44,71.32 5 0
explorer/internal/events/bus.go:71.32,73.3 1 0
explorer/internal/events/bus.go:75.2,75.11 1 0
explorer/internal/events/bus.go:78.45,82.45 3 0
explorer/internal/events/bus.go:82.45,83.28 1 0
explorer/internal/events/bus.go:83.28,84.17 1 0
explorer/internal/events/bus.go:84.17,86.10 2 0
explorer/internal/events/bus.go:92.37,96.14 3 0
explorer/internal/events/bus.go:96.14,98.3 1 0
explorer/internal/events/bus.go:100.2,101.9 2 0
explorer/internal/events/bus.go:101.9,103.3 1 0
explorer/internal/events/bus.go:105.2,105.26 1 0
explorer/internal/events/bus.go:105.26,106.10 1 0
explorer/internal/events/bus.go:107.20,107.20 0 0
explorer/internal/events/bus.go:108.11,108.11 0 0
explorer/internal/events/bus.go:113.56,115.16 2 0
explorer/internal/events/bus.go:115.16,117.3 1 0
explorer/internal/events/bus.go:118.2,119.12 2 0
explorer/internal/events/bus.go:122.59,124.16 2 0
explorer/internal/events/bus.go:124.16,126.3 1 0
explorer/internal/events/bus.go:127.2,128.12 2 0
explorer/internal/events/bus.go:131.82,137.16 3 0
explorer/internal/events/bus.go:137.16,139.3 1 0
explorer/internal/events/bus.go:140.2,141.12 2 0
explorer/internal/events/bus.go:144.59,146.16 2 0
explorer/internal/events/bus.go:146.16,148.3 1 0
explorer/internal/events/bus.go:149.2,150.12 2 0
explorer/internal/events/bus.go:153.59,155.16 2 0
explorer/internal/events/bus.go:155.16,157.3 1 0
explorer/internal/events/bus.go:158.2,159.12 2 0
explorer/internal/events/bus.go:162.23,169.37 5 0
explorer/internal/events/bus.go:169.37,170.27 1 0
explorer/internal/events/bus.go:170.27,171.24 1 0
explorer/internal/events/bus.go:171.24,174.5 2 0
explorer/internal/events/bus.go:178.2,178.51 1 0
explorer/internal/gas/tracker.go:39.30,47.2 1 0
explorer/internal/gas/tracker.go:60.58,61.16 1 0
explorer/internal/gas/tracker.go:61.16,63.3 1 0
explorer/internal/gas/tracker.go:64.2,71.3 1 0
explorer/internal/gas/tracker.go:74.73,76.68 2 0
explorer/internal/gas/tracker.go:76.68,79.3 2 0
explorer/internal/gas/tracker.go:80.2,83.16 3 0
explorer/internal/gas/tracker.go:83.16,85.3 1 0
explorer/internal/gas/tracker.go:87.2,91.20 4 0
explorer/internal/gas/tracker.go:94.70,102.16 2 0
explorer/internal/gas/tracker.go:102.16,104.3 1 0
explorer/internal/gas/tracker.go:106.2,110.41 2 0
explorer/internal/gas/tracker.go:110.41,111.30 1 0
explorer/internal/gas/tracker.go:111.30,113.4 1 0
explorer/internal/gas/tracker.go:114.3,114.29 1 0
explorer/internal/gas/tracker.go:117.2,118.60 2 0
explorer/internal/gas/tracker.go:118.60,121.3 2 0
explorer/internal/gas/tracker.go:123.2,123.60 1 0
explorer/internal/gas/tracker.go:123.60,126.52 3 0
explorer/internal/gas/tracker.go:126.52,129.4 2 0
explorer/internal/gas/tracker.go:130.3,135.4 1 0
explorer/internal/gas/tracker.go:138.2,138.64 1 0
explorer/internal/gas/tracker.go:138.64,141.54 3 0
explorer/internal/gas/tracker.go:141.54,144.4 2 0
explorer/internal/gas/tracker.go:145.3,150.4 1 0
explorer/internal/gas/tracker.go:153.2,153.60 1 0
explorer/internal/gas/tracker.go:153.60,156.52 3 0
explorer/internal/gas/tracker.go:156.52,159.4 2 0
explorer/internal/gas/tracker.go:160.3,165.4 1 0
explorer/internal/gas/tracker.go:168.2,168.20 1 0
explorer/internal/gas/tracker.go:171.63,173.12 2 0
explorer/internal/gas/tracker.go:173.12,174.7 1 0
explorer/internal/gas/tracker.go:174.7,175.11 1 0
explorer/internal/gas/tracker.go:176.22,178.11 2 0
explorer/internal/gas/tracker.go:179.20,180.50 1 0
explorer/internal/gas/tracker.go:180.50,182.6 1 0
explorer/internal/indexer/balance_worker.go:35.113,46.2 2 0
explorer/internal/indexer/balance_worker.go:48.37,50.36 2 0
explorer/internal/indexer/balance_worker.go:50.36,53.3 2 0
explorer/internal/indexer/balance_worker.go:56.36,62.2 5 0
explorer/internal/indexer/balance_worker.go:65.62,66.9 1 0
explorer/internal/indexer/balance_worker.go:67.26,68.14 1 0
explorer/internal/indexer/balance_worker.go:69.10,70.15 1 0
explorer/internal/indexer/balance_worker.go:74.69,76.29 2 0
explorer/internal/indexer/balance_worker.go:76.29,77.24 1 0
explorer/internal/indexer/balance_worker.go:77.24,79.4 1 0
explorer/internal/indexer/balance_worker.go:81.2,81.15 1 0
explorer/internal/indexer/balance_worker.go:84.45,86.2 1 0
explorer/internal/indexer/balance_worker.go:88.44,93.6 3 0
explorer/internal/indexer/balance_worker.go:93.6,94.10 1 0
explorer/internal/indexer/balance_worker.go:95.23,96.22 1 0
explorer/internal/indexer/balance_worker.go:96.22,98.5 1 0
explorer/internal/indexer/balance_worker.go:99.4,99.10 1 0
explorer/internal/indexer/balance_worker.go:100.33,101.11 1 0
explorer/internal/indexer/balance_worker.go:101.11,102.23 1 0
explorer/internal/indexer/balance_worker.go:102.23,104.6 1 0
explorer/internal/indexer/balance_worker.go:105.5,105.11 1 0
explorer/internal/indexer/balance_worker.go:108.4,108.42 1 0
explorer/internal/indexer/balance_worker.go:108.42,109.13 1 0
explorer/internal/indexer/balance_worker.go:112.4,113.18 2 0
explorer/internal/indexer/balance_worker.go:113.18,114.13 1 0
explorer/internal/indexer/balance_worker.go:117.4,119.25 2 0
explorer/internal/indexer/balance_worker.go:119.25,122.5 2 0
explorer/internal/indexer/balance_worker.go:127.84,133.16 4 0
explorer/internal/indexer/balance_worker.go:133.16,135.3 1 0
explorer/internal/indexer/balance_worker.go:137.2,137.27 1 0
explorer/internal/indexer/balance_worker.go:137.27,139.3 1 0
explorer/internal/indexer/balance_worker.go:141.2,148.8 2 0
explorer/internal/indexer/balance_worker.go:151.64,152.21 1 0
explorer/internal/indexer/balance_worker.go:152.21,154.3 1 0
explorer/internal/indexer/balance_worker.go:156.2,157.52 2 0
explorer/internal/indexer/balance_worker.go:157.52,159.17 2 0
explorer/internal/indexer/balance_worker.go:159.17,161.4 1 0
explorer/internal/indexer/balance_worker.go:164.3,168.46 3 0
explorer/internal/indexer/balance_worker.go:168.46,171.4 2 0
explorer/internal/indexer/balance_worker.go:174.3,174.60 1 0
explorer/internal/indexer/catchup.go:73.19,89.2 2 0
explorer/internal/indexer/catchup.go:91.55,93.2 1 0
explorer/internal/indexer/catchup.go:95.51,97.2 1 0
explorer/internal/indexer/catchup.go:99.73,101.2 1 0
explorer/internal/indexer/catchup.go:106.86,107.24 1 0
explorer/internal/indexer/catchup.go:107.24,110.3 2 0
explorer/internal/indexer/catchup.go:110.8,112.3 1 0
explorer/internal/indexer/catchup.go:114.2,118.40 2 0
explorer/internal/indexer/catchup.go:118.40,121.3 2 0
explorer/internal/indexer/catchup.go:123.2,126.12 3 0
explorer/internal/indexer/catchup.go:129.52,134.20 4 0
explorer/internal/indexer/catchup.go:134.20,136.3 1 0
explorer/internal/indexer/catchup.go:138.2,142.6 4 0
explorer/internal/indexer/catchup.go:142.6,143.10 1 0
explorer/internal/indexer/catchup.go:144.23,145.10 1 0
explorer/internal/indexer/catchup.go:146.11,146.11 0 0
explorer/internal/indexer/catchup.go:149.3,152.25 3 0
explorer/internal/indexer/catchup.go:152.25,154.4 1 0
explorer/internal/indexer/catchup.go:154.9,156.4 1 0
explorer/internal/indexer/catchup.go:158.3,158.17 1 0
explorer/internal/indexer/catchup.go:158.17,161.12 3 0
explorer/internal/indexer/catchup.go:164.3,164.23 1 0
explorer/internal/indexer/catchup.go:164.23,171.43 2 0
explorer/internal/indexer/catchup.go:171.43,173.22 2 0
explorer/internal/indexer/catchup.go:173.22,179.75 3 0
explorer/internal/indexer/catchup.go:179.75,181.7 1 0
explorer/internal/indexer/catchup.go:181.12,183.7 1 0
explorer/internal/indexer/catchup.go:185.6,185.29 1 0
explorer/internal/indexer/catchup.go:185.29,187.7 1 0
explorer/internal/indexer/catchup.go:189.5,189.28 1 0
explorer/internal/indexer/catchup.go:193.4,193.25 1 0
explorer/internal/indexer/catchup.go:193.25,195.5 1 0
explorer/internal/indexer/catchup.go:198.4,198.11 1 0
explorer/internal/indexer/catchup.go:199.24,200.11 1 0
explorer/internal/indexer/catchup.go:201.36,202.13 1 0
explorer/internal/indexer/catchup.go:206.3,206.20 1 0
explorer/internal/indexer/catchup.go:206.20,209.4 1 0
explorer/internal/indexer/catchup.go:210.3,214.23 2 0
explorer/internal/indexer/catchup.go:214.23,217.4 1 0
explorer/internal/indexer/catchup.go:219.3,219.28 1 0
explorer/internal/indexer/catchup.go:219.28,220.69 1 0
explorer/internal/indexer/catchup.go:220.69,221.12 1 0
explorer/internal/indexer/catchup.go:222.25,223.12 1 0
explorer/internal/indexer/catchup.go:224.34,224.34 0 0
explorer/internal/indexer/catchup.go:231.33,234.2 2 0
explorer/internal/indexer/catchup.go:236.94,239.24 2 0
explorer/internal/indexer/catchup.go:239.24,242.3 2 0
explorer/internal/indexer/catchup.go:242.8,244.3 1 0
explorer/internal/indexer/catchup.go:246.2,246.15 1 0
explorer/internal/indexer/catchup.go:246.15,248.3 1 0
explorer/internal/indexer/catchup.go:249.2,249.8 1 0
explorer/internal/indexer/catchup.go:252.43,253.9 1 0
explorer/internal/indexer/catchup.go:254.22,255.15 1 0
explorer/internal/indexer/catchup.go:256.10,257.14 1 0
explorer/internal/indexer/catchup.go:261.41,264.6 2 0
explorer/internal/indexer/catchup.go:264.6,265.10 1 0
explorer/internal/indexer/catchup.go:266.23,267.10 1 0
explorer/internal/indexer/catchup.go:268.38,269.11 1 0
explorer/internal/indexer/catchup.go:269.11,271.5 1 0
explorer/internal/indexer/catchup.go:274.4,275.18 2 0
explorer/internal/indexer/catchup.go:275.18,277.13 2 0
explorer/internal/indexer/catchup.go:279.4,279.14 1 0
explorer/internal/indexer/catchup.go:279.14,280.27 1 0
explorer/internal/indexer/catchup.go:280.27,282.6 1 0
explorer/internal/indexer/catchup.go:283.5,284.13 2 0
explorer/internal/indexer/catchup.go:287.4,287.51 1 0
explorer/internal/indexer/catchup.go:287.51,290.13 2 0
explorer/internal/indexer/catchup.go:293.4,293.26 1 0
explorer/internal/indexer/catchup.go:293.26,295.5 1 0
explorer/internal/indexer/catchup.go:295.10,297.5 1 0
explorer/internal/indexer/catchup.go:299.4,301.49 2 0
explorer/internal/indexer/catchup.go:301.49,305.27 3 0
explorer/internal/indexer/catchup.go:305.27,307.6 1 0
explorer/internal/indexer/catchup.go:307.11,309.6 1 0
explorer/internal/indexer/catchup.go:311.5,313.18 3 0
explorer/internal/indexer/catchup.go:313.18,315.6 1 0
explorer/internal/indexer/catchup.go:317.5,320.25 1 0
explorer/internal/indexer/catchup.go:326.60,328.31 1 0
explorer/internal/indexer/catchup.go:328.31,330.3 1 0
explorer/internal/indexer/catchup.go:332.2,333.16 2 0
explorer/internal/indexer/catchup.go:333.16,335.3 1 0
explorer/internal/indexer/catchup.go:337.2,338.17 2 0
explorer/internal/indexer/catchup.go:338.17,340.3 1 0
explorer/internal/indexer/catchup.go:343.2,343.34 1 0
explorer/internal/indexer/catchup.go:346.63,348.16 2 0
explorer/internal/indexer/catchup.go:348.16,350.3 1 0
explorer/internal/indexer/catchup.go:352.2,366.36 4 0
explorer/internal/indexer/catchup.go:366.36,368.3 1 0
explorer/internal/indexer/catchup.go:370.2,370.43 1 0
explorer/internal/indexer/catchup.go:373.72,375.28 2 0
explorer/internal/indexer/catchup.go:375.28,378.3 2 0
explorer/internal/indexer/catchup.go:381.2,414.44 3 0
explorer/internal/indexer/catchup.go:417.75,434.2 4 0
explorer/internal/indexer/indexer.go:88.48,90.2 1 0
explorer/internal/indexer/indexer.go:92.113,93.50 1 0
explorer/internal/indexer/indexer.go:93.50,95.3 1 0
explorer/internal/indexer/indexer.go:96.2,97.48 2 0
explorer/internal/indexer/indexer.go:100.43,102.2 1 0
explorer/internal/indexer/indexer.go:104.131,105.36 1 0
explorer/internal/indexer/indexer.go:105.36,107.3 1 0
explorer/internal/indexer/indexer.go:108.2,110.8 3 0
[...]
explorer/internal/verifier/bytecode.go:112.2,112.11 1 0
explorer/internal/verifier/bytecode.go:115.43,118.16 3 1
explorer/internal/verifier/bytecode.go:118.16,120.3 1 0
explorer/internal/verifier/bytecode.go:121.2,121.58 1 1
explorer/internal/verifier/bytecode.go:124.48,127.2 2 1
explorer/internal/verifier/compiler.go:19.50,25.2 1 1
explorer/internal/verifier/compiler.go:27.96,29.16 2 1
explorer/internal/verifier/compiler.go:29.16,31.3 1 0
explorer/internal/verifier/compiler.go:33.2,43.34 8 1
explorer/internal/verifier/compiler.go:43.34,44.44 1 0
explorer/internal/verifier/compiler.go:44.44,46.4 1 0
explorer/internal/verifier/compiler.go:47.3,48.149 2 0
explorer/internal/verifier/compiler.go:48.149,50.4 1 0
explorer/internal/verifier/compiler.go:51.3,51.62 1 0
explorer/internal/verifier/compiler.go:54.2,55.64 2 1
explorer/internal/verifier/compiler.go:55.64,57.3 1 0
explorer/internal/verifier/compiler.go:59.2,59.21 1 1
explorer/internal/verifier/compiler.go:62.212,79.41 2 1
explorer/internal/verifier/compiler.go:79.41,81.3 1 1
explorer/internal/verifier/compiler.go:83.2,83.22 1 1
explorer/internal/verifier/compiler.go:83.22,85.3 1 0
explorer/internal/verifier/compiler.go:87.2,87.24 1 1
explorer/internal/verifier/compiler.go:87.24,89.37 2 0
explorer/internal/verifier/compiler.go:89.37,93.23 3 0
explorer/internal/verifier/compiler.go:93.23,96.5 2 0
explorer/internal/verifier/compiler.go:96.10,99.5 2 0
explorer/internal/verifier/compiler.go:101.4,101.49 1 0
explorer/internal/verifier/compiler.go:101.49,103.5 1 0
explorer/internal/verifier/compiler.go:104.4,104.54 1 0
explorer/internal/verifier/compiler.go:108.2,108.30 1 1
explorer/internal/verifier/compiler.go:111.117,113.60 2 1
explorer/internal/verifier/compiler.go:113.60,115.3 1 1
explorer/internal/verifier/compiler.go:117.2,117.35 1 1
explorer/internal/verifier/compiler.go:117.35,119.3 1 1
explorer/internal/verifier/compiler.go:120.2,120.34 1 1
explorer/internal/verifier/compiler.go:120.34,122.3 1 1
explorer/internal/verifier/compiler.go:124.2,127.16 3 1
explorer/internal/verifier/compiler.go:127.16,129.3 1 0
explorer/internal/verifier/compiler.go:131.2,141.34 8 1
explorer/internal/verifier/compiler.go:141.34,142.44 1 0
explorer/internal/verifier/compiler.go:142.44,144.4 1 0
explorer/internal/verifier/compiler.go:145.3,146.149 2 0
explorer/internal/verifier/compiler.go:146.149,148.4 1 0
explorer/internal/verifier/compiler.go:149.3,149.62 1 0
explorer/internal/verifier/compiler.go:152.2,153.64 2 1
explorer/internal/verifier/compiler.go:153.64,155.3 1 0
explorer/internal/verifier/compiler.go:157.2,157.21 1 1
explorer/internal/verifier/compiler.go:160.89,165.17 4 1
explorer/internal/verifier/compiler.go:165.17,166.64 1 1
explorer/internal/verifier/compiler.go:166.64,168.4 1 0
explorer/internal/verifier/compiler.go:169.8,171.3 1 1
explorer/internal/verifier/compiler.go:173.2,175.11 3 1
explorer/internal/verifier/compiler.go:175.11,176.65 1 1
explorer/internal/verifier/compiler.go:176.65,178.4 1 0
explorer/internal/verifier/compiler.go:179.8,181.3 1 1
explorer/internal/verifier/compiler.go:183.2,183.40 1 1
explorer/internal/verifier/compiler.go:183.40,185.3 1 1
explorer/internal/verifier/compiler.go:187.2,189.29 3 1
explorer/internal/verifier/compiler.go:189.29,191.3 1 1
explorer/internal/verifier/compiler.go:192.2,192.38 1 1
explorer/internal/verifier/compiler.go:192.38,193.24 1 1
explorer/internal/verifier/compiler.go:193.24,195.4 1 1
explorer/internal/verifier/compiler.go:197.2,205.14 6 1
explorer/internal/verifier/compiler.go:208.104,209.53 1 1
explorer/internal/verifier/compiler.go:209.53,210.50 1 1
explorer/internal/verifier/compiler.go:210.50,212.4 1 1
explorer/internal/verifier/compiler.go:215.2,216.58 2 1
explorer/internal/verifier/compiler.go:216.58,217.50 1 0
explorer/internal/verifier/compiler.go:217.50,219.4 1 0
explorer/internal/verifier/compiler.go:222.2,222.45 1 1
explorer/internal/verifier/compiler.go:222.45,223.50 1 1
explorer/internal/verifier/compiler.go:223.50,225.4 1 0
explorer/internal/verifier/compiler.go:228.2,228.85 1 1
explorer/internal/verifier/compiler.go:231.45,232.36 1 1
explorer/internal/verifier/compiler.go:232.36,233.30 1 1
explorer/internal/verifier/compiler.go:233.30,235.4 1 1
explorer/internal/verifier/compiler.go:237.2,237.14 1 1
explorer/internal/verifier/compiler.go:240.49,242.36 2 1
explorer/internal/verifier/compiler.go:242.36,243.30 1 1
explorer/internal/verifier/compiler.go:243.30,245.4 1 1
explorer/internal/verifier/compiler.go:247.2,247.15 1 1
explorer/internal/verifier/compiler.go:250.51,252.36 2 0
explorer/internal/verifier/compiler.go:252.36,253.32 1 0
explorer/internal/verifier/compiler.go:253.32,255.4 1 0
explorer/internal/verifier/compiler.go:257.2,257.17 1 0
explorer/internal/verifier/solc_manager.go:48.51,57.12 3 0
explorer/internal/verifier/solc_manager.go:57.12,59.3 1 0
explorer/internal/verifier/solc_manager.go:62.2,64.11 2 0
explorer/internal/verifier/solc_manager.go:67.38,71.6 3 0
explorer/internal/verifier/solc_manager.go:71.6,72.10 1 0
explorer/internal/verifier/solc_manager.go:73.19,74.26 1 0
explorer/internal/verifier/solc_manager.go:75.25,76.10 1 0
explorer/internal/verifier/solc_manager.go:81.44,83.16 2 0
explorer/internal/verifier/solc_manager.go:83.16,86.3 2 0
explorer/internal/verifier/solc_manager.go:87.2,89.38 2 0
explorer/internal/verifier/solc_manager.go:89.38,92.3 2 0
explorer/internal/verifier/solc_manager.go:94.2,95.69 2 0
explorer/internal/verifier/solc_manager.go:95.69,98.3 2 0
explorer/internal/verifier/solc_manager.go:101.2,102.36 2 0
explorer/internal/verifier/solc_manager.go:102.36,103.25 1 0
explorer/internal/verifier/solc_manager.go:103.25,105.4 1 0
explorer/internal/verifier/solc_manager.go:108.2,112.73 4 0
explorer/internal/verifier/solc_manager.go:115.39,119.56 3 0
explorer/internal/verifier/solc_manager.go:119.56,121.3 1 0
explorer/internal/verifier/solc_manager.go:123.2,124.16 2 0
explorer/internal/verifier/solc_manager.go:124.16,126.3 1 0
explorer/internal/verifier/solc_manager.go:128.2,130.32 2 0
explorer/internal/verifier/solc_manager.go:130.32,131.20 1 0
explorer/internal/verifier/solc_manager.go:131.20,132.12 1 0
explorer/internal/verifier/solc_manager.go:135.3,137.24 3 0
explorer/internal/verifier/solc_manager.go:137.24,140.4 2 0
explorer/internal/verifier/solc_manager.go:143.2,144.45 2 0
explorer/internal/verifier/solc_manager.go:144.45,145.68 1 0
explorer/internal/verifier/solc_manager.go:145.68,147.4 1 0
explorer/internal/verifier/solc_manager.go:151.74,154.16 3 0
explorer/internal/verifier/solc_manager.go:154.16,156.3 1 0
explorer/internal/verifier/solc_manager.go:158.2,160.23 3 0
explorer/internal/verifier/solc_manager.go:160.23,162.3 1 0
explorer/internal/verifier/solc_manager.go:164.2,164.24 1 0
explorer/internal/verifier/solc_manager.go:168.69,169.33 1 0
explorer/internal/verifier/solc_manager.go:169.33,170.44 1 0
explorer/internal/verifier/solc_manager.go:170.44,172.4 1 0
explorer/internal/verifier/solc_manager.go:174.2,174.12 1 0
explorer/internal/verifier/solc_manager.go:178.77,183.16 4 0
explorer/internal/verifier/solc_manager.go:183.16,185.3 1 0
explorer/internal/verifier/solc_manager.go:186.2,188.38 2 0
explorer/internal/verifier/solc_manager.go:188.38,190.3 1 0
explorer/internal/verifier/solc_manager.go:192.2,193.16 2 0
explorer/internal/verifier/solc_manager.go:193.16,195.3 1 0
explorer/internal/verifier/solc_manager.go:198.2,198.55 1 0
explorer/internal/verifier/solc_manager.go:198.55,200.3 1 0
explorer/internal/verifier/solc_manager.go:202.2,203.59 2 0
explorer/internal/verifier/solc_manager.go:203.59,205.3 1 0
explorer/internal/verifier/solc_manager.go:207.2,209.22 2 0
explorer/internal/verifier/solc_manager.go:212.68,215.51 2 0
explorer/internal/verifier/solc_manager.go:215.51,217.3 1 0
explorer/internal/verifier/solc_manager.go:220.2,221.42 2 0
explorer/internal/verifier/solc_manager.go:221.42,224.3 2 0
explorer/internal/verifier/solc_manager.go:226.2,226.35 1 0
explorer/internal/verifier/solc_manager.go:226.35,227.36 1 0
explorer/internal/verifier/solc_manager.go:227.36,230.4 2 0
explorer/internal/verifier/solc_manager.go:234.2,237.18 3 0
explorer/internal/verifier/solc_manager.go:237.18,239.3 1 0
explorer/internal/verifier/solc_manager.go:242.2,243.16 2 0
explorer/internal/verifier/solc_manager.go:243.16,245.3 1 0
explorer/internal/verifier/solc_manager.go:248.2,252.18 4 0
explorer/internal/verifier/solc_manager.go:255.56,258.2 2 0
explorer/internal/verifier/solc_manager.go:260.57,265.30 3 0
explorer/internal/verifier/solc_manager.go:265.30,267.41 2 0
explorer/internal/verifier/solc_manager.go:267.41,272.50 2 0
explorer/internal/verifier/solc_manager.go:272.50,274.5 1 0
explorer/internal/verifier/solc_manager.go:275.4,275.35 1 0
explorer/internal/verifier/solc_manager.go:279.3,279.44 1 0
explorer/internal/verifier/solc_manager.go:279.44,281.4 1 0
explorer/internal/verifier/solc_manager.go:283.3,283.18 1 0
explorer/internal/verifier/solc_manager.go:287.2,288.41 2 0
explorer/internal/verifier/solc_manager.go:288.41,293.3 1 0
explorer/internal/verifier/solc_manager.go:295.2,295.43 1 0
explorer/internal/verifier/solc_manager.go:295.43,297.3 1 0
explorer/internal/verifier/solc_manager.go:299.2,299.17 1 0
explorer/internal/verifier/solc_manager.go:302.41,306.25 3 0
explorer/internal/verifier/solc_manager.go:306.25,308.22 2 0
explorer/internal/verifier/solc_manager.go:308.22,310.4 1 0
explorer/internal/verifier/solc_manager.go:311.3,311.22 1 0
explorer/internal/verifier/solc_manager.go:311.22,313.4 1 0
explorer/internal/verifier/solc_manager.go:315.3,315.15 1 0
explorer/internal/verifier/solc_manager.go:315.15,317.4 1 0
explorer/internal/verifier/solc_manager.go:320.2,320.10 1 0
explorer/internal/verifier/solc_manager.go:323.34,326.2 2 0
explorer/internal/verifier/solc_manager.go:328.36,332.30 3 0
explorer/internal/verifier/solc_manager.go:332.30,334.3 1 0
explorer/internal/verifier/solc_manager.go:335.2,335.25 1 0
explorer/internal/verifier/solc_manager.go:338.31,340.2 1 0
explorer/internal/verifier/verifier.go:28.81,35.2 1 0
explorer/internal/verifier/verifier.go:37.93,43.39 2 0
explorer/internal/verifier/verifier.go:43.39,46.3 2 0
explorer/internal/verifier/verifier.go:47.2,50.16 3 0
explorer/internal/verifier/verifier.go:50.16,53.3 2 0
explorer/internal/verifier/verifier.go:55.2,55.27 1 0
explorer/internal/verifier/verifier.go:55.27,58.3 2 0
explorer/internal/verifier/verifier.go:60.2,63.16 3 0
explorer/internal/verifier/verifier.go:63.16,66.3 2 0
explorer/internal/verifier/verifier.go:68.2,71.15 3 0
explorer/internal/verifier/verifier.go:71.15,73.3 1 0
explorer/internal/verifier/verifier.go:75.2,77.16 2 0
explorer/internal/verifier/verifier.go:77.16,80.3 2 0
explorer/internal/verifier/verifier.go:82.2,82.23 1 0
explorer/internal/verifier/verifier.go:82.23,86.3 3 0
explorer/internal/verifier/verifier.go:88.2,89.16 2 0
explorer/internal/verifier/verifier.go:89.16,92.3 2 0
explorer/internal/verifier/verifier.go:94.2,102.43 7 0
explorer/internal/verifier/verifier.go:102.43,115.3 3 0
explorer/internal/verifier/verifier.go:117.2,120.70 3 0
explorer/internal/verifier/verifier.go:120.70,122.3 1 0
explorer/internal/verifier/verifier.go:124.2,124.22 1 0
explorer/internal/verifier/verifier.go:127.109,129.49 2 0
explorer/internal/verifier/verifier.go:129.49,133.3 3 0
explorer/internal/verifier/verifier.go:134.2,138.62 2 0
explorer/internal/verifier/verifier.go:141.98,143.51 2 0
explorer/internal/verifier/verifier.go:143.51,147.3 1 0
explorer/internal/verifier/verifier.go:149.2,149.23 1 0
explorer/internal/verifier/verifier.go:149.23,151.3 1 0
explorer/internal/verifier/verifier.go:152.2,152.31 1 0
explorer/internal/verifier/verifier.go:152.31,154.3 1 0
explorer/internal/verifier/verifier.go:155.2,155.28 1 0
explorer/internal/verifier/verifier.go:155.28,157.3 1 0
explorer/internal/verifier/verifier.go:158.2,158.33 1 0
explorer/internal/verifier/verifier.go:158.33,160.3 1 0
explorer/internal/verifier/verifier.go:162.2,162.45 1 0
explorer/internal/verifier/verifier.go:165.122,171.39 2 0
explorer/internal/verifier/verifier.go:171.39,174.3 2 0
explorer/internal/verifier/verifier.go:175.2,178.16 3 0
explorer/internal/verifier/verifier.go:178.16,181.3 2 0
explorer/internal/verifier/verifier.go:183.2,183.27 1 0
explorer/internal/verifier/verifier.go:183.27,186.3 2 0
explorer/internal/verifier/verifier.go:188.2,191.16 3 0
explorer/internal/verifier/verifier.go:191.16,194.3 2 0
explorer/internal/verifier/verifier.go:196.2,199.16 3 0
explorer/internal/verifier/verifier.go:199.16,202.3 2 0
explorer/internal/verifier/verifier.go:204.2,204.23 1 0
explorer/internal/verifier/verifier.go:204.23,208.3 3 0
explorer/internal/verifier/verifier.go:210.2,211.16 2 0
explorer/internal/verifier/verifier.go:211.16,214.3 2 0
explorer/internal/verifier/verifier.go:216.2,224.43 7 0
explorer/internal/verifier/verifier.go:224.43,234.3 3 0
explorer/internal/verifier/verifier.go:236.2,239.82 3 0
explorer/internal/verifier/verifier.go:239.82,241.3 1 0
explorer/internal/verifier/verifier.go:243.2,243.22 1 0
explorer/internal/verifier/verifier.go:246.133,262.27 5 0
explorer/internal/verifier/verifier.go:262.27,264.3 1 0
explorer/internal/verifier/verifier.go:266.2,268.58 1 0
explorer/internal/verifier/verifier.go:271.54,273.2 1 0
explorer/internal/verifier/verifier.go:275.53,277.2 1 0
explorer/internal/verifier/verifier.go:279.94,281.51 2 0
explorer/internal/verifier/verifier.go:281.51,285.3 1 0
explorer/internal/verifier/verifier.go:287.2,287.23 1 0
explorer/internal/verifier/verifier.go:287.23,289.3 1 0
explorer/internal/verifier/verifier.go:292.2,292.55 1 0
explorer/internal/verifier/verifier.go:292.55,296.3 3 0
explorer/internal/verifier/verifier.go:298.2,298.31 1 0
explorer/internal/verifier/verifier.go:298.31,300.3 1 0
explorer/internal/verifier/verifier.go:301.2,301.28 1 0
explorer/internal/verifier/verifier.go:301.28,303.3 1 0
explorer/internal/verifier/verifier.go:304.2,304.31 1 0
explorer/internal/verifier/verifier.go:304.31,306.3 1 0
explorer/internal/verifier/verifier.go:308.2,308.32 1 0
explorer/internal/verifier/verifier.go:308.32,309.41 1 0
explorer/internal/verifier/verifier.go:309.41,310.43 1 0
explorer/internal/verifier/verifier.go:310.43,312.10 2 0
explorer/internal/verifier/verifier.go:317.2,317.28 1 0
explorer/internal/verifier/verifier.go:320.39,322.2 1 0
explorer/internal/websocket/client.go:28.72,36.2 1 0
explorer/internal/websocket/client.go:39.29,40.15 1 0
explorer/internal/websocket/client.go:40.15,42.3 1 0
explorer/internal/websocket/client.go:44.2,46.43 3 0
explorer/internal/websocket/client.go:46.43,49.3 2 0
explorer/internal/websocket/client.go:51.2,51.6 1 0
explorer/internal/websocket/client.go:51.6,53.17 2 0
explorer/internal/websocket/client.go:53.17,54.103 1 0
explorer/internal/websocket/client.go:54.103,56.5 1 0
explorer/internal/websocket/client.go:57.4,57.9 1 0
explorer/internal/websocket/client.go:60.3,60.27 1 0
explorer/internal/websocket/client.go:65.30,67.15 2 0
explorer/internal/websocket/client.go:67.15,70.3 2 0
explorer/internal/websocket/client.go:72.2,72.6 1 0
explorer/internal/websocket/client.go:72.6,73.10 1 0
explorer/internal/websocket/client.go:74.32,76.11 2 0
explorer/internal/websocket/client.go:76.11,79.5 2 0
explorer/internal/websocket/client.go:81.4,82.18 2 0
explorer/internal/websocket/client.go:82.18,84.5 1 0
explorer/internal/websocket/client.go:85.4,89.27 3 0
explorer/internal/websocket/client.go:89.27,92.5 2 0
explorer/internal/websocket/client.go:94.4,94.36 1 0
explorer/internal/websocket/client.go:94.36,96.5 1 0
explorer/internal/websocket/client.go:98.19,100.74 2 0
explorer/internal/websocket/client.go:100.74,102.5 1 0
explorer/internal/websocket/client.go:107.48,109.54 2 0
explorer/internal/websocket/client.go:109.54,113.3 3 0
explorer/internal/websocket/client.go:115.2,115.20 1 0
explorer/internal/websocket/client.go:116.19,117.36 1 0
explorer/internal/websocket/client.go:117.36,118.27 1 0
explorer/internal/websocket/client.go:118.27,121.5 2 0
explorer/internal/websocket/client.go:121.10,123.5 1 0
explorer/internal/websocket/client.go:126.21,127.36 1 0
explorer/internal/websocket/client.go:127.36,130.4 2 0
explorer/internal/websocket/client.go:132.10,133.47 1 0
explorer/internal/websocket/client.go:137.38,145.24 2 0
explorer/internal/websocket/client.go:145.24,147.3 1 0
explorer/internal/websocket/client.go:150.2,150.47 1 0
explorer/internal/websocket/client.go:150.47,152.3 1 0
explorer/internal/websocket/client.go:154.2,154.14 1 0
explorer/internal/websocket/client.go:157.44,163.2 2 0
explorer/internal/websocket/client.go:165.52,172.2 2 0
explorer/internal/websocket/client.go:174.26,178.14 3 0
explorer/internal/websocket/client.go:178.14,180.3 1 0
explorer/internal/websocket/client.go:181.2,183.15 2 0
explorer/internal/websocket/client.go:186.36,188.30 2 0
explorer/internal/websocket/client.go:188.30,190.3 1 0
explorer/internal/websocket/client.go:191.2,191.15 1 0
explorer/internal/websocket/hub.go:30.60,41.2 1 0
explorer/internal/websocket/hub.go:43.40,46.6 2 0
explorer/internal/websocket/hub.go:46.6,47.10 1 0
explorer/internal/websocket/hub.go:48.21,50.10 2 0
explorer/internal/websocket/hub.go:52.31,53.28 1 0
explorer/internal/websocket/hub.go:55.33,56.30 1 0
explorer/internal/websocket/hub.go:58.33,59.54 1 0
explorer/internal/websocket/hub.go:61.29,62.24 1 0
explorer/internal/websocket/hub.go:67.46,71.40 3 0
explorer/internal/websocket/hub.go:71.40,75.3 3 0
explorer/internal/websocket/hub.go:77.2,78.57 2 0
explorer/internal/websocket/hub.go:81.48,85.36 3 0
explorer/internal/websocket/hub.go:85.36,88.40 2 0
explorer/internal/websocket/hub.go:88.40,90.25 2 0
explorer/internal/websocket/hub.go:90.25,92.5 1 0
explorer/internal/websocket/hub.go:95.3,96.60 2 0
explorer/internal/websocket/hub.go:100.55,104.35 3 0
explorer/internal/websocket/hub.go:104.35,106.3 1 0
explorer/internal/websocket/hub.go:107.2,108.29 2 0
explorer/internal/websocket/hub.go:111.57,115.40 3 0
explorer/internal/websocket/hub.go:115.40,117.24 2 0
explorer/internal/websocket/hub.go:117.24,119.4 1 0
explorer/internal/websocket/hub.go:121.2,121.30 1 0
explorer/internal/websocket/hub.go:124.62,127.9 3 0
explorer/internal/websocket/hub.go:127.9,130.3 2 0
explorer/internal/websocket/hub.go:133.2,134.30 2 0
explorer/internal/websocket/hub.go:134.30,136.3 1 0
explorer/internal/websocket/hub.go:137.2,139.37 2 0
explorer/internal/websocket/hub.go:139.37,140.10 1 0
explorer/internal/websocket/hub.go:141.31,141.31 0 0
explorer/internal/websocket/hub.go:142.11,144.27 1 0
explorer/internal/websocket/hub.go:149.46,152.32 3 0
explorer/internal/websocket/hub.go:152.32,154.3 1 0
explorer/internal/websocket/hub.go:155.2,157.37 2 0
explorer/internal/websocket/hub.go:157.37,158.10 1 0
explorer/internal/websocket/hub.go:159.31,159.31 0 0
explorer/internal/websocket/hub.go:160.11,161.27 1 0
explorer/internal/websocket/hub.go:166.48,172.16 2 0
explorer/internal/websocket/hub.go:172.16,175.3 2 0
explorer/internal/websocket/hub.go:177.2,177.20 1 0
explorer/internal/websocket/hub.go:178.28,179.36 1 0
explorer/internal/websocket/hub.go:180.25,181.42 1 0
explorer/internal/websocket/hub.go:182.31,183.35 1 0
explorer/internal/websocket/hub.go:184.30,185.34 1 0
explorer/internal/websocket/hub.go:186.35,190.59 2 0
explorer/internal/websocket/hub.go:190.59,192.4 1 0
explorer/internal/websocket/hub.go:196.51,197.12 1 0
explorer/internal/websocket/hub.go:198.28,199.18 1 0
explorer/internal/websocket/hub.go:200.25,201.24 1 0
explorer/internal/websocket/hub.go:202.31,203.17 1 0
explorer/internal/websocket/hub.go:204.30,205.16 1 0
explorer/internal/websocket/hub.go:206.35,207.19 1 0
explorer/internal/websocket/hub.go:208.10,209.20 1 0
explorer/internal/websocket/hub.go:213.40,215.2 1 0
explorer/internal/websocket/hub.go:217.42,219.2 1 0
explorer/internal/websocket/hub.go:221.33,225.2 3 0
explorer/internal/websocket/hub.go:227.32,231.2 3 0
explorer/internal/websocket/hub.go:241.30,249.2 1 0
